#
# There is insufficient memory for the Java Runtime Environment to continue.
# Native memory allocation (malloc) failed to allocate 1419280 bytes for Chunk::new
# Possible reasons:
#   The system is out of physical RAM or swap space
#   In 32 bit mode, the process size limit was hit
# Possible solutions:
#   Reduce memory load on the system
#   Increase physical memory or swap space
#   Check if swap backing store is full
#   Use 64 bit Java on a 64 bit OS
#   Decrease Java heap size (-Xmx/-Xms)
#   Decrease number of Java threads
#   Decrease Java thread stack sizes (-Xss)
#   Set larger code cache with -XX:ReservedCodeCacheSize=
# This output file may be truncated or incomplete.
#
#  Out of Memory Error (allocation.cpp:390), pid=4076, tid=0x00000000000011d4
#
# JRE version: Java(TM) SE Runtime Environment (8.0_111-b14) (build 1.8.0_111-b14)
# Java VM: Java HotSpot(TM) 64-Bit Server VM (25.111-b14 mixed mode windows-amd64 compressed oops)
# Failed to write core dump. Minidumps are not enabled by default on client versions of Windows
#

---------------  T H R E A D  ---------------

Current thread (0x000000001571d000):  JavaThread "C2 CompilerThread0" daemon [_thread_in_native, id=4564, stack(0x0000000016790000,0x0000000016890000)]

Stack: [0x0000000016790000,0x0000000016890000]
[error occurred during error reporting (printing stack bounds), id 0xc0000005]

Native frames: (J=compiled Java code, j=interpreted, Vv=VM code, C=native code)


Current CompileTask:
C2:   8993 1926   !   4       java.net.URLClassLoader$1::run (63 bytes)


---------------  P R O C E S S  ---------------

Java Threads: ( => current thread )
  0x000000001e104800 JavaThread "pool-2-thread-1" [_thread_blocked, id=5952, stack(0x000000001f370000,0x000000001f470000)]
  0x000000001dee4800 JavaThread "Abandoned connection cleanup thread" daemon [_thread_blocked, id=6816, stack(0x000000001f070000,0x000000001f170000)]
  0x0000000019dad800 JavaThread "Prism Font Disposer" daemon [_thread_blocked, id=7092, stack(0x000000001c460000,0x000000001c560000)]
  0x00000000170e1000 JavaThread "JavaFX-Launcher" [_thread_blocked, id=8704, stack(0x000000001a500000,0x000000001a600000)]
  0x00000000170e4000 JavaThread "Thread-2" daemon [_thread_in_native, id=1968, stack(0x000000001a400000,0x000000001a500000)]
  0x00000000170a2000 JavaThread "JavaFX Application Thread" [_thread_in_native, id=1708, stack(0x00000000179b0000,0x0000000017ab0000)]
  0x00000000170ad800 JavaThread "Thread-1" daemon [_thread_blocked, id=6336, stack(0x00000000178b0000,0x00000000179b0000)]
  0x000000001707e000 JavaThread "QuantumRenderer-0" daemon [_thread_blocked, id=7444, stack(0x0000000017100000,0x0000000017200000)]
  0x0000000015789800 JavaThread "Service Thread" daemon [_thread_blocked, id=2736, stack(0x0000000016990000,0x0000000016a90000)]
  0x0000000015720000 JavaThread "C1 CompilerThread1" daemon [_thread_blocked, id=8172, stack(0x0000000016890000,0x0000000016990000)]
=>0x000000001571d000 JavaThread "C2 CompilerThread0" daemon [_thread_in_native, id=4564, stack(0x0000000016790000,0x0000000016890000)]
  0x000000001571a000 JavaThread "Attach Listener" daemon [_thread_blocked, id=4836, stack(0x0000000016690000,0x0000000016790000)]
  0x0000000015717000 JavaThread "Signal Dispatcher" daemon [_thread_blocked, id=5784, stack(0x0000000016590000,0x0000000016690000)]
  0x0000000015708800 JavaThread "Finalizer" daemon [_thread_blocked, id=5688, stack(0x0000000016370000,0x0000000016470000)]
  0x00000000032ed800 JavaThread "Reference Handler" daemon [_thread_blocked, id=7296, stack(0x0000000016270000,0x0000000016370000)]
  0x0000000002ffd800 JavaThread "main" [_thread_blocked, id=8296, stack(0x0000000003000000,0x0000000003100000)]

Other Threads:
  0x00000000156e6000 VMThread [stack: 0x0000000016170000,0x0000000016270000] [id=1504]
  0x000000001579c800 WatcherThread [stack: 0x0000000016c00000,0x0000000016d00000] [id=4600]

VM state:not at safepoint (normal execution)

VM Mutex/Monitor currently owned by a thread: None

Heap:
 PSYoungGen      total 35328K, used 26219K [0x00000000eaf00000, 0x00000000ef080000, 0x0000000100000000)
  eden space 32768K, 72% used [0x00000000eaf00000,0x00000000ec61f058,0x00000000ecf00000)
  from space 2560K, 99% used [0x00000000ecf00000,0x00000000ed17bcf8,0x00000000ed180000)
  to   space 8192K, 0% used [0x00000000ee880000,0x00000000ee880000,0x00000000ef080000)
 ParOldGen       total 39936K, used 15202K [0x00000000c0c00000, 0x00000000c3300000, 0x00000000eaf00000)
  object space 39936K, 38% used [0x00000000c0c00000,0x00000000c1ad8880,0x00000000c3300000)
 Metaspace       used 32334K, capacity 33636K, committed 33920K, reserved 1079296K
  class space    used 4425K, capacity 4696K, committed 4736K, reserved 1048576K

Card table byte_map: [0x00000000126c0000,0x00000000128c0000] byte_map_base: 0x00000000120ba000

Marking Bits: (ParMarkBitMap*) 0x00000000743ba6c0
 Begin Bits: [0x0000000012c20000, 0x0000000013bf0000)
 End Bits:   [0x0000000013bf0000, 0x0000000014bc0000)

Polling page: 0x0000000002dc0000

CodeCache: size=245760Kb used=9023Kb max_used=9023Kb free=236736Kb
 bounds [0x0000000003300000, 0x0000000003be0000, 0x0000000012300000]
 total_blobs=3842 nmethods=3032 adapters=722
 compilation: enabled

Compilation events (10 events):
Event: 8.833 Thread 0x0000000015720000 3035       1       com.sun.prism.impl.shape.MaskData::getHeight (5 bytes)
Event: 8.833 Thread 0x0000000015720000 nmethod 3035 0x0000000003bcc550 code [0x0000000003bcc6a0, 0x0000000003bcc7b0]
Event: 8.834 Thread 0x0000000015720000 3036       3       com.sun.javafx.font.directwrite.DWFontStrike::getQuantizedPosition (151 bytes)
Event: 8.834 Thread 0x0000000015720000 nmethod 3036 0x0000000003bcc810 code [0x0000000003bcc9c0, 0x0000000003bcce38]
Event: 8.834 Thread 0x0000000015720000 3037   !   3       com.sun.prism.impl.GlyphCache::getCachedGlyph (461 bytes)
Event: 8.838 Thread 0x0000000015720000 nmethod 3037 0x0000000003bccf50 code [0x0000000003bcd480, 0x0000000003bd0508]
Event: 8.840 Thread 0x0000000015720000 3038       3       com.sun.javafx.geom.transform.Identity::transform (17 bytes)
Event: 8.841 Thread 0x0000000015720000 nmethod 3038 0x0000000003bd3410 code [0x0000000003bd35a0, 0x0000000003bd39f0]
Event: 8.841 Thread 0x0000000015720000 3039       3       com.sun.prism.impl.GlyphCache::addDataToQuad (305 bytes)
Event: 8.841 Thread 0x0000000015720000 nmethod 3039 0x0000000003bd3c50 code [0x0000000003bd3e80, 0x0000000003bd4988]

GC Heap History (10 events):
Event: 3.009 GC heap before
{Heap before GC invocations=2 (full 0):
 PSYoungGen      total 18944K, used 18912K [0x00000000eaf00000, 0x00000000ec400000, 0x0000000100000000)
  eden space 16384K, 100% used [0x00000000eaf00000,0x00000000ebf00000,0x00000000ebf00000)
  from space 2560K, 98% used [0x00000000ebf00000,0x00000000ec178040,0x00000000ec180000)
  to   space 2560K, 0% used [0x00000000ec180000,0x00000000ec180000,0x00000000ec400000)
 ParOldGen       total 44032K, used 16K [0x00000000c0c00000, 0x00000000c3700000, 0x00000000eaf00000)
  object space 44032K, 0% used [0x00000000c0c00000,0x00000000c0c04000,0x00000000c3700000)
 Metaspace       used 15718K, capacity 16348K, committed 16512K, reserved 1062912K
  class space    used 2185K, capacity 2378K, committed 2432K, reserved 1048576K
Event: 3.020 GC heap after
Heap after GC invocations=2 (full 0):
 PSYoungGen      total 18944K, used 2528K [0x00000000eaf00000, 0x00000000ec400000, 0x0000000100000000)
  eden space 16384K, 0% used [0x00000000eaf00000,0x00000000eaf00000,0x00000000ebf00000)
  from space 2560K, 98% used [0x00000000ec180000,0x00000000ec3f8050,0x00000000ec400000)
  to   space 2560K, 0% used [0x00000000ebf00000,0x00000000ebf00000,0x00000000ec180000)
 ParOldGen       total 44032K, used 5367K [0x00000000c0c00000, 0x00000000c3700000, 0x00000000eaf00000)
  object space 44032K, 12% used [0x00000000c0c00000,0x00000000c113de50,0x00000000c3700000)
 Metaspace       used 15718K, capacity 16348K, committed 16512K, reserved 1062912K
  class space    used 2185K, capacity 2378K, committed 2432K, reserved 1048576K
}
Event: 3.251 GC heap before
{Heap before GC invocations=3 (full 0):
 PSYoungGen      total 18944K, used 18876K [0x00000000eaf00000, 0x00000000ec400000, 0x0000000100000000)
  eden space 16384K, 99% used [0x00000000eaf00000,0x00000000ebef7360,0x00000000ebf00000)
  from space 2560K, 98% used [0x00000000ec180000,0x00000000ec3f8050,0x00000000ec400000)
  to   space 2560K, 0% used [0x00000000ebf00000,0x00000000ebf00000,0x00000000ec180000)
 ParOldGen       total 44032K, used 5367K [0x00000000c0c00000, 0x00000000c3700000, 0x00000000eaf00000)
  object space 44032K, 12% used [0x00000000c0c00000,0x00000000c113de50,0x00000000c3700000)
 Metaspace       used 16808K, capacity 17456K, committed 17792K, reserved 1064960K
  class space    used 2408K, capacity 2598K, committed 2688K, reserved 1048576K
Event: 3.257 GC heap after
Heap after GC invocations=3 (full 0):
 PSYoungGen      total 18944K, used 2528K [0x00000000eaf00000, 0x00000000ed400000, 0x0000000100000000)
  eden space 16384K, 0% used [0x00000000eaf00000,0x00000000eaf00000,0x00000000ebf00000)
  from space 2560K, 98% used [0x00000000ebf00000,0x00000000ec178030,0x00000000ec180000)
  to   space 2560K, 0% used [0x00000000ed180000,0x00000000ed180000,0x00000000ed400000)
 ParOldGen       total 44032K, used 6918K [0x00000000c0c00000, 0x00000000c3700000, 0x00000000eaf00000)
  object space 44032K, 15% used [0x00000000c0c00000,0x00000000c12c1ae8,0x00000000c3700000)
 Metaspace       used 16808K, capacity 17456K, committed 17792K, reserved 1064960K
  class space    used 2408K, capacity 2598K, committed 2688K, reserved 1048576K
}
Event: 3.581 GC heap before
{Heap before GC invocations=4 (full 0):
 PSYoungGen      total 18944K, used 15064K [0x00000000eaf00000, 0x00000000ed400000, 0x0000000100000000)
  eden space 16384K, 76% used [0x00000000eaf00000,0x00000000ebb3e168,0x00000000ebf00000)
  from space 2560K, 98% used [0x00000000ebf00000,0x00000000ec178030,0x00000000ec180000)
  to   space 2560K, 0% used [0x00000000ed180000,0x00000000ed180000,0x00000000ed400000)
 ParOldGen       total 44032K, used 6918K [0x00000000c0c00000, 0x00000000c3700000, 0x00000000eaf00000)
  object space 44032K, 15% used [0x00000000c0c00000,0x00000000c12c1ae8,0x00000000c3700000)
 Metaspace       used 20386K, capacity 21072K, committed 21296K, reserved 1067008K
  class space    used 2890K, capacity 3078K, committed 3200K, reserved 1048576K
Event: 3.589 GC heap after
Heap after GC invocations=4 (full 0):
 PSYoungGen      total 35328K, used 2544K [0x00000000eaf00000, 0x00000000ed400000, 0x0000000100000000)
  eden space 32768K, 0% used [0x00000000eaf00000,0x00000000eaf00000,0x00000000ecf00000)
  from space 2560K, 99% used [0x00000000ed180000,0x00000000ed3fc040,0x00000000ed400000)
  to   space 2560K, 0% used [0x00000000ecf00000,0x00000000ecf00000,0x00000000ed180000)
 ParOldGen       total 44032K, used 9309K [0x00000000c0c00000, 0x00000000c3700000, 0x00000000eaf00000)
  object space 44032K, 21% used [0x00000000c0c00000,0x00000000c1517498,0x00000000c3700000)
 Metaspace       used 20386K, capacity 21072K, committed 21296K, reserved 1067008K
  class space    used 2890K, capacity 3078K, committed 3200K, reserved 1048576K
}
Event: 3.589 GC heap before
{Heap before GC invocations=5 (full 1):
 PSYoungGen      total 35328K, used 2544K [0x00000000eaf00000, 0x00000000ed400000, 0x0000000100000000)
  eden space 32768K, 0% used [0x00000000eaf00000,0x00000000eaf00000,0x00000000ecf00000)
  from space 2560K, 99% used [0x00000000ed180000,0x00000000ed3fc040,0x00000000ed400000)
  to   space 2560K, 0% used [0x00000000ecf00000,0x00000000ecf00000,0x00000000ed180000)
 ParOldGen       total 44032K, used 9309K [0x00000000c0c00000, 0x00000000c3700000, 0x00000000eaf00000)
  object space 44032K, 21% used [0x00000000c0c00000,0x00000000c1517498,0x00000000c3700000)
 Metaspace       used 20386K, capacity 21072K, committed 21296K, reserved 1067008K
  class space    used 2890K, capacity 3078K, committed 3200K, reserved 1048576K
Event: 3.626 GC heap after
Heap after GC invocations=5 (full 1):
 PSYoungGen      total 35328K, used 0K [0x00000000eaf00000, 0x00000000ed400000, 0x0000000100000000)
  eden space 32768K, 0% used [0x00000000eaf00000,0x00000000eaf00000,0x00000000ecf00000)
  from space 2560K, 0% used [0x00000000ed180000,0x00000000ed180000,0x00000000ed400000)
  to   space 2560K, 0% used [0x00000000ecf00000,0x00000000ecf00000,0x00000000ed180000)
 ParOldGen       total 39936K, used 11309K [0x00000000c0c00000, 0x00000000c3300000, 0x00000000eaf00000)
  object space 39936K, 28% used [0x00000000c0c00000,0x00000000c170b688,0x00000000c3300000)
 Metaspace       used 20386K, capacity 21072K, committed 21296K, reserved 1067008K
  class space    used 2890K, capacity 3078K, committed 3200K, reserved 1048576K
}
Event: 4.665 GC heap before
{Heap before GC invocations=6 (full 1):
 PSYoungGen      total 35328K, used 32768K [0x00000000eaf00000, 0x00000000ed400000, 0x0000000100000000)
  eden space 32768K, 100% used [0x00000000eaf00000,0x00000000ecf00000,0x00000000ecf00000)
  from space 2560K, 0% used [0x00000000ed180000,0x00000000ed180000,0x00000000ed400000)
  to   space 2560K, 0% used [0x00000000ecf00000,0x00000000ecf00000,0x00000000ed180000)
 ParOldGen       total 39936K, used 11309K [0x00000000c0c00000, 0x00000000c3300000, 0x00000000eaf00000)
  object space 39936K, 28% used [0x00000000c0c00000,0x00000000c170b688,0x00000000c3300000)
 Metaspace       used 27609K, capacity 28310K, committed 28672K, reserved 1073152K
  class space    used 3795K, capacity 3975K, committed 4096K, reserved 1048576K
Event: 4.675 GC heap after
Heap after GC invocations=6 (full 1):
 PSYoungGen      total 35328K, used 2543K [0x00000000eaf00000, 0x00000000ef080000, 0x0000000100000000)
  eden space 32768K, 0% used [0x00000000eaf00000,0x00000000eaf00000,0x00000000ecf00000)
  from space 2560K, 99% used [0x00000000ecf00000,0x00000000ed17bcf8,0x00000000ed180000)
  to   space 8192K, 0% used [0x00000000ee880000,0x00000000ee880000,0x00000000ef080000)
 ParOldGen       total 39936K, used 15202K [0x00000000c0c00000, 0x00000000c3300000, 0x00000000eaf00000)
  object space 39936K, 38% used [0x00000000c0c00000,0x00000000c1ad8880,0x00000000c3300000)
 Metaspace       used 27609K, capacity 28310K, committed 28672K, reserved 1073152K
  class space    used 3795K, capacity 3975K, committed 4096K, reserved 1048576K
}

Deoptimization events (10 events):
Event: 4.010 Thread 0x00000000170a2000 Uncommon trap: reason=predicate action=maybe_recompile pc=0x00000000035dced8 method=sun.net.www.ParseUtil.encodePath(Ljava/lang/String;Z)Ljava/lang/String; @ 36
Event: 4.207 Thread 0x00000000170a2000 Uncommon trap: reason=unstable_if action=reinterpret pc=0x0000000003529808 method=java.lang.AbstractStringBuilder.append(Ljava/lang/String;)Ljava/lang/AbstractStringBuilder; @ 1
Event: 4.730 Thread 0x00000000170a2000 Uncommon trap: reason=unstable_if action=reinterpret pc=0x00000000034f0a00 method=java.lang.CharacterData.of(I)Ljava/lang/CharacterData; @ 4
Event: 4.786 Thread 0x00000000170a2000 Uncommon trap: reason=unstable_if action=reinterpret pc=0x00000000037b8b40 method=java.lang.String.indexOf([CII[CIII)I @ 27
Event: 4.786 Thread 0x00000000170a2000 Uncommon trap: reason=unstable_if action=reinterpret pc=0x0000000003889eb8 method=java.lang.String.indexOf([CII[CIII)I @ 27
Event: 6.640 Thread 0x00000000170a2000 Uncommon trap: reason=unstable_if action=reinterpret pc=0x000000000371c5c0 method=java.lang.String.indexOf([CII[CIII)I @ 27
Event: 8.710 Thread 0x000000001707e000 Uncommon trap: reason=class_check action=maybe_recompile pc=0x0000000003b5f514 method=java.util.WeakHashMap.eq(Ljava/lang/Object;Ljava/lang/Object;)Z @ 7
Event: 8.711 Thread 0x000000001707e000 Uncommon trap: reason=class_check action=maybe_recompile pc=0x0000000003b5f514 method=java.util.WeakHashMap.eq(Ljava/lang/Object;Ljava/lang/Object;)Z @ 7
Event: 8.712 Thread 0x000000001707e000 Uncommon trap: reason=class_check action=maybe_recompile pc=0x0000000003b5f514 method=java.util.WeakHashMap.eq(Ljava/lang/Object;Ljava/lang/Object;)Z @ 7
Event: 8.712 Thread 0x000000001707e000 Uncommon trap: reason=class_check action=maybe_recompile pc=0x0000000003b5f514 method=java.util.WeakHashMap.eq(Ljava/lang/Object;Ljava/lang/Object;)Z @ 7

Internal exceptions (10 events):
Event: 1.583 Thread 0x00000000170a2000 Exception <a 'java/security/PrivilegedActionException'> (0x00000000eb900908) thrown at [C:\re\workspace\8-2-build-windows-amd64-cygwin\jdk8u111\7883\hotspot\src\share\vm\prims\jvm.cpp, line 1386]
Event: 1.847 Thread 0x00000000170a2000 Exception <a 'java/lang/ArrayIndexOutOfBoundsException': 58> (0x00000000ebcc19e8) thrown at [C:\re\workspace\8-2-build-windows-amd64-cygwin\jdk8u111\7883\hotspot\src\share\vm\interpreter\interpreterRuntime.cpp, line 366]
Event: 1.848 Thread 0x00000000170a2000 Exception <a 'java/lang/ArrayIndexOutOfBoundsException': 18> (0x00000000ebcc2870) thrown at [C:\re\workspace\8-2-build-windows-amd64-cygwin\jdk8u111\7883\hotspot\src\share\vm\interpreter\interpreterRuntime.cpp, line 366]
Event: 1.849 Thread 0x00000000170a2000 Exception <a 'java/lang/ArrayIndexOutOfBoundsException': 86> (0x00000000ebcc3c18) thrown at [C:\re\workspace\8-2-build-windows-amd64-cygwin\jdk8u111\7883\hotspot\src\share\vm\interpreter\interpreterRuntime.cpp, line 366]
Event: 3.142 Thread 0x00000000170a2000 Exception <a 'java/lang/ArrayIndexOutOfBoundsException'> (0x00000000eb0f9ea0) thrown at [C:\re\workspace\8-2-build-windows-amd64-cygwin\jdk8u111\7883\hotspot\src\share\vm\runtime\sharedRuntime.cpp, line 605]
Event: 3.142 Thread 0x00000000170a2000 Exception <a 'java/lang/ArrayIndexOutOfBoundsException'> (0x00000000eb0faea0) thrown at [C:\re\workspace\8-2-build-windows-amd64-cygwin\jdk8u111\7883\hotspot\src\share\vm\runtime\sharedRuntime.cpp, line 605]
Event: 3.143 Thread 0x00000000170a2000 Exception <a 'java/lang/ArrayIndexOutOfBoundsException'> (0x00000000eb0fc710) thrown at [C:\re\workspace\8-2-build-windows-amd64-cygwin\jdk8u111\7883\hotspot\src\share\vm\runtime\sharedRuntime.cpp, line 605]
Event: 3.826 Thread 0x00000000170a2000 Implicit null exception at 0x00000000035de3d9 to 0x00000000035de775
Event: 4.207 Thread 0x00000000170a2000 Exception <a 'java/lang/NullPointerException'> (0x00000000ebb49548) thrown at [C:\re\workspace\8-2-build-windows-amd64-cygwin\jdk8u111\7883\hotspot\src\share\vm\runtime\reflection.cpp, line 922]
Event: 4.207 Thread 0x00000000170a2000 Implicit null exception at 0x0000000003529456 to 0x00000000035297f1

Events (10 events):
Event: 8.846 loading class java/nio/DirectIntBufferU
Event: 8.846 loading class java/nio/DirectIntBufferU done
Event: 8.857 loading class com/sun/prism/PixelSource
Event: 8.857 loading class com/sun/prism/PixelSource done
Event: 8.857 loading class com/sun/javafx/tk/quantum/SceneState
Event: 8.857 loading class com/sun/javafx/tk/quantum/SceneState done
Event: 8.858 Executing VM operation: RevokeBias
Event: 8.858 Executing VM operation: RevokeBias done
Event: 8.859 Executing VM operation: RevokeBias
Event: 8.860 Executing VM operation: RevokeBias done


Dynamic libraries:
0x00007ff720cd0000 - 0x00007ff720d07000 	C:\Program Files\Java\jdk1.8.0_111\jre\bin\java.exe
0x00007ffd8e600000 - 0x00007ffd8e7ed000 	C:\Windows\SYSTEM32\ntdll.dll
0x00007ffd8b930000 - 0x00007ffd8b9e3000 	C:\Windows\System32\KERNEL32.DLL
0x00007ffd8b370000 - 0x00007ffd8b605000 	C:\Windows\System32\KERNELBASE.dll
0x00007ffd8e520000 - 0x00007ffd8e5c4000 	C:\Windows\System32\ADVAPI32.dll
0x00007ffd8be10000 - 0x00007ffd8beae000 	C:\Windows\System32\msvcrt.dll
0x00007ffd8ba50000 - 0x00007ffd8baee000 	C:\Windows\System32\sechost.dll
0x00007ffd8c020000 - 0x00007ffd8c13f000 	C:\Windows\System32\RPCRT4.dll
0x00007ffd8c140000 - 0x00007ffd8c2d8000 	C:\Windows\System32\USER32.dll
0x00007ffd8a6b0000 - 0x00007ffd8a6d0000 	C:\Windows\System32\win32u.dll
0x00007ffd8dfb0000 - 0x00007ffd8dfd9000 	C:\Windows\System32\GDI32.dll
0x00007ffd8b070000 - 0x00007ffd8b20c000 	C:\Windows\System32\gdi32full.dll
0x00007ffd8afd0000 - 0x00007ffd8b070000 	C:\Windows\System32\msvcp_win.dll
0x00007ffd8b270000 - 0x00007ffd8b36a000 	C:\Windows\System32\ucrtbase.dll
0x00007ffd798d0000 - 0x00007ffd79b49000 	C:\Windows\WinSxS\amd64_microsoft.windows.common-controls_6595b64144ccf1df_6.0.17763.2028_none_de6f2eb4534d3a50\COMCTL32.dll
0x00007ffd8dc80000 - 0x00007ffd8dfad000 	C:\Windows\System32\combase.dll
0x00007ffd8a6d0000 - 0x00007ffd8a752000 	C:\Windows\System32\bcryptPrimitives.dll
0x00007ffd8dc50000 - 0x00007ffd8dc7e000 	C:\Windows\System32\IMM32.DLL
0x0000000074820000 - 0x00000000748f2000 	C:\Program Files\Java\jdk1.8.0_111\jre\bin\msvcr100.dll
0x0000000073ba0000 - 0x000000007443a000 	C:\Program Files\Java\jdk1.8.0_111\jre\bin\server\jvm.dll
0x00007ffd8dad0000 - 0x00007ffd8dad8000 	C:\Windows\System32\PSAPI.DLL
0x00007ffd7cd40000 - 0x00007ffd7cd49000 	C:\Windows\SYSTEM32\WSOCK32.dll
0x00007ffd8baf0000 - 0x00007ffd8bb5d000 	C:\Windows\System32\WS2_32.dll
0x00007ffd88600000 - 0x00007ffd88624000 	C:\Windows\SYSTEM32\WINMM.dll
0x00007ffd85570000 - 0x00007ffd8557a000 	C:\Windows\SYSTEM32\VERSION.dll
0x00007ffd885d0000 - 0x00007ffd885fd000 	C:\Windows\SYSTEM32\WINMMBASE.dll
0x00007ffd8a760000 - 0x00007ffd8a7aa000 	C:\Windows\System32\cfgmgr32.dll
0x00000000747d0000 - 0x00000000747df000 	C:\Program Files\Java\jdk1.8.0_111\jre\bin\verify.dll
0x00000000747a0000 - 0x00000000747c9000 	C:\Program Files\Java\jdk1.8.0_111\jre\bin\java.dll
0x0000000074780000 - 0x0000000074796000 	C:\Program Files\Java\jdk1.8.0_111\jre\bin\zip.dll
0x00007ffd8c5d0000 - 0x00007ffd8dac9000 	C:\Windows\System32\SHELL32.dll
0x00007ffd8bb60000 - 0x00007ffd8bc08000 	C:\Windows\System32\shcore.dll
0x00007ffd8a7b0000 - 0x00007ffd8aefb000 	C:\Windows\System32\windows.storage.dll
0x00007ffd8a680000 - 0x00007ffd8a6a4000 	C:\Windows\System32\profapi.dll
0x00007ffd8a5e0000 - 0x00007ffd8a63d000 	C:\Windows\System32\powrprof.dll
0x00007ffd8e040000 - 0x00007ffd8e092000 	C:\Windows\System32\shlwapi.dll
0x00007ffd8a660000 - 0x00007ffd8a671000 	C:\Windows\System32\kernel.appcore.dll
0x00007ffd8afb0000 - 0x00007ffd8afc7000 	C:\Windows\System32\cryptsp.dll
0x00007ffd78e90000 - 0x00007ffd78f7f000 	C:\Program Files\Java\jdk1.8.0_111\jre\bin\msvcr120.dll
0x00007ffd6fa00000 - 0x00007ffd6faa6000 	C:\Program Files\Java\jdk1.8.0_111\jre\bin\msvcp120.dll
0x0000000074630000 - 0x0000000074652000 	C:\Program Files\Java\jdk1.8.0_111\jre\bin\prism_d3d.dll
0x00007ffd66620000 - 0x00007ffd667be000 	C:\Windows\system32\d3d9.dll
0x00007ffd88c50000 - 0x00007ffd88c7e000 	C:\Windows\SYSTEM32\dwmapi.dll
0x00007ffd8b610000 - 0x00007ffd8b7f3000 	C:\Windows\System32\CRYPT32.dll
0x00007ffd8a640000 - 0x00007ffd8a652000 	C:\Windows\System32\MSASN1.dll
0x00007ffd889d0000 - 0x00007ffd88a6c000 	C:\Windows\system32\uxtheme.dll
0x00007ffd85580000 - 0x00007ffd856e7000 	C:\Windows\SYSTEM32\aticfx64.dll
0x00007ffd78db0000 - 0x00007ffd78dd1000 	C:\Windows\SYSTEM32\atiu9p64.dll
0x00007ffd54570000 - 0x00007ffd54dc9000 	C:\Windows\SYSTEM32\atiumd64.dll
0x0000000071370000 - 0x0000000071bf8000 	C:\Windows\SYSTEM32\atiumd6a.dll
0x0000000071320000 - 0x0000000071363000 	C:\Program Files\Java\jdk1.8.0_111\jre\bin\glass.dll
0x00007ffd8bc10000 - 0x00007ffd8bd37000 	C:\Windows\System32\COMDLG32.dll
0x00007ffd8dae0000 - 0x00007ffd8dc36000 	C:\Windows\System32\ole32.dll
0x00007ffd8bd40000 - 0x00007ffd8be04000 	C:\Windows\System32\OLEAUT32.dll
0x00007ffd8beb0000 - 0x00007ffd8c01b000 	C:\Windows\System32\MSCTF.dll
0x0000000071300000 - 0x0000000071314000 	C:\Program Files\Java\jdk1.8.0_111\jre\bin\javafx_font.dll
0x00007ffd7f1c0000 - 0x00007ffd7f4bc000 	C:\Windows\SYSTEM32\dwrite.dll
0x00007ffd8c510000 - 0x00007ffd8c5b2000 	C:\Windows\System32\clbcatq.dll
0x00007ffd85810000 - 0x00007ffd859c8000 	C:\Windows\SYSTEM32\WindowsCodecs.dll
0x00007ffd72480000 - 0x00007ffd724d7000 	C:\Windows\system32\dataexchange.dll
0x00007ffd87fb0000 - 0x00007ffd88173000 	C:\Windows\system32\dcomp.dll
0x00007ffd87770000 - 0x00007ffd879ee000 	C:\Windows\system32\d3d11.dll
0x00007ffd892e0000 - 0x00007ffd893a2000 	C:\Windows\system32\dxgi.dll
0x00007ffd88d80000 - 0x00007ffd88f8c000 	C:\Windows\system32\twinapi.appcore.dll
0x00007ffd88ca0000 - 0x00007ffd88cc8000 	C:\Windows\system32\RMCLIENT.dll
0x00007ffd78a70000 - 0x00007ffd78aa3000 	C:\Program Files\Common Files\Microsoft Shared\Ink\rtscom.dll
0x00007ffd81040000 - 0x00007ffd810d4000 	C:\Windows\System32\TextInputFramework.dll
0x00007ffd88180000 - 0x00007ffd88261000 	C:\Windows\System32\CoreMessaging.dll
0x00007ffd859d0000 - 0x00007ffd85cf2000 	C:\Windows\System32\CoreUIComponents.dll
0x00007ffd89630000 - 0x00007ffd89661000 	C:\Windows\SYSTEM32\ntmarta.dll
0x00007ffd864f0000 - 0x00007ffd86641000 	C:\Windows\SYSTEM32\wintypes.dll
0x00000000712e0000 - 0x00000000712f1000 	C:\Program Files\Java\jdk1.8.0_111\jre\bin\prism_common.dll
0x00007ffd899b0000 - 0x00007ffd899e3000 	C:\Windows\system32\rsaenh.dll
0x00007ffd8b800000 - 0x00007ffd8b826000 	C:\Windows\System32\bcrypt.dll
0x00007ffd8a4e0000 - 0x00007ffd8a509000 	C:\Windows\SYSTEM32\USERENV.dll
0x00007ffd89ff0000 - 0x00007ffd89ffc000 	C:\Windows\SYSTEM32\CRYPTBASE.dll
0x0000000074760000 - 0x000000007477a000 	C:\Program Files\Java\jdk1.8.0_111\jre\bin\net.dll
0x00007ffd89e20000 - 0x00007ffd89e87000 	C:\Windows\system32\mswsock.dll
0x00007ffd89b40000 - 0x00007ffd89b7d000 	C:\Windows\SYSTEM32\IPHLPAPI.DLL
0x00007ffd8dc40000 - 0x00007ffd8dc48000 	C:\Windows\System32\NSI.dll
0x00007ffd82570000 - 0x00007ffd82586000 	C:\Windows\SYSTEM32\dhcpcsvc6.DLL
0x00007ffd82660000 - 0x00007ffd8267c000 	C:\Windows\SYSTEM32\dhcpcsvc.DLL
0x00007ffd89b80000 - 0x00007ffd89c46000 	C:\Windows\SYSTEM32\DNSAPI.dll
0x0000000074740000 - 0x0000000074751000 	C:\Program Files\Java\jdk1.8.0_111\jre\bin\nio.dll
0x00007ffd7de60000 - 0x00007ffd7de6a000 	C:\Windows\System32\rasadhlp.dll
0x00007ffd7e610000 - 0x00007ffd7e689000 	C:\Windows\System32\fwpuclnt.dll
0x00007ffd879f0000 - 0x00007ffd87fae000 	C:\Windows\SYSTEM32\d2d1.dll
0x00007ffd70540000 - 0x00007ffd70c7b000 	C:\Windows\SYSTEM32\D3D10Warp.dll

VM Arguments:
jvm_args: -Dfile.encoding=UTF-8 
java_command: C:\Users\Zaiouane\Documents\NetBeansProjects\ApplicationFXCovid_1\dist\run1303465109\ApplicationFXCovid_1.jar
java_class_path (initial): C:\Users\Zaiouane\Documents\NetBeansProjects\ApplicationFXCovid_1\dist\run1303465109\ApplicationFXCovid_1.jar
Launcher Type: SUN_STANDARD

Environment Variables:
PATH=C:\Program Files\IBM\ILOG\CPLEX_Studio_Community201\opl\bin\x64_win64;C:\Program Files\IBM\ILOG\CPLEX_Studio_Community201\opl\oplide\;C:\Program Files\IBM\ILOG\CPLEX_Studio_Community201\cplex\bin\x64_win64;C:\Program Files\IBM\ILOG\CPLEX_Studio_Community201\cpoptimizer\bin\x64_win64;C:\oraclexe\app\oracle\product\11.2.0\server\bin;;C:\Program Files (x86)\Common Files\Oracle\Java\javapath;C:\Program Files\Common Files\Oracle\Java\javapath;C:\Windows\system32;C:\Windows;C:\Windows\System32\Wbem;C:\Windows\System32\WindowsPowerShell\v1.0\;C:\Windows\System32\OpenSSH\;C:\Program Files (x86)\ATI Technologies\ATI.ACE\Core-Static;C:\Program Files\nodejs\;C:\Program Files\Git\cmd;C:\Users\Zaiouane\AppData\Local\Microsoft\WindowsApps;;C:\Users\Zaiouane\AppData\Local\Programs\Microsoft VS Code\bin;C:\Users\Zaiouane\AppData\Roaming\npm
USERNAME=Zaiouane
OS=Windows_NT
PROCESSOR_IDENTIFIER=Intel64 Family 6 Model 42 Stepping 7, GenuineIntel



---------------  S Y S T E M  ---------------

OS: Windows 10.0 , 64 bit Build 17763 (10.0.17763.2028)

CPU:total 2 (2 cores per cpu, 1 threads per core) family 6 model 42 stepping 7, cmov, cx8, fxsr, mmx, sse, sse2, sse3, ssse3, sse4.1, sse4.2, popcnt, clmul, tsc, tscinvbit

Memory: 4k page, physical 4143468k(556084k free), swap 6240620k(6120k free)

vm_info: Java HotSpot(TM) 64-Bit Server VM (25.111-b14) for windows-amd64 JRE (1.8.0_111-b14), built on Sep 22 2016 19:24:05 by "java_re" with MS VC++ 10.0 (VS2010)

time: Sat Jun 26 12:11:57 2021
elapsed time: 9 seconds (0d 0h 0m 9s)

