#
# There is insufficient memory for the Java Runtime Environment to continue.
# Native memory allocation (malloc) failed to allocate 2051696 bytes for Chunk::new
# Possible reasons:
#   The system is out of physical RAM or swap space
#   In 32 bit mode, the process size limit was hit
# Possible solutions:
#   Reduce memory load on the system
#   Increase physical memory or swap space
#   Check if swap backing store is full
#   Use 64 bit Java on a 64 bit OS
#   Decrease Java heap size (-Xmx/-Xms)
#   Decrease number of Java threads
#   Decrease Java thread stack sizes (-Xss)
#   Set larger code cache with -XX:ReservedCodeCacheSize=
# This output file may be truncated or incomplete.
#
#  Out of Memory Error (allocation.cpp:390), pid=8384, tid=0x0000000000001da0
#
# JRE version: Java(TM) SE Runtime Environment (8.0_111-b14) (build 1.8.0_111-b14)
# Java VM: Java HotSpot(TM) 64-Bit Server VM (25.111-b14 mixed mode windows-amd64 compressed oops)
# Failed to write core dump. Minidumps are not enabled by default on client versions of Windows
#

---------------  T H R E A D  ---------------

Current thread (0x0000000014f5c800):  JavaThread "C2 CompilerThread0" daemon [_thread_in_native, id=7584, stack(0x0000000015fb0000,0x00000000160b0000)]

Stack: [0x0000000015fb0000,0x00000000160b0000]
[error occurred during error reporting (printing stack bounds), id 0xc0000005]

Native frames: (J=compiled Java code, j=interpreted, Vv=VM code, C=native code)


Current CompileTask:
C2:  14525 3776       4       javafx.scene.CssStyleHelper::resolveLookups (521 bytes)


---------------  P R O C E S S  ---------------

Java Threads: ( => current thread )
  0x000000001d83c000 JavaThread "pool-2-thread-1" [_thread_blocked, id=4080, stack(0x000000001e9f0000,0x000000001eaf0000)]
  0x00000000199e9000 JavaThread "Abandoned connection cleanup thread" daemon [_thread_blocked, id=8676, stack(0x000000001d720000,0x000000001d820000)]
  0x0000000019450800 JavaThread "Prism Font Disposer" daemon [_thread_blocked, id=6040, stack(0x000000001bb20000,0x000000001bc20000)]
  0x00000000192d8000 JavaThread "JavaFX-Launcher" [_thread_blocked, id=6252, stack(0x0000000019b90000,0x0000000019c90000)]
  0x00000000192d4000 JavaThread "Thread-2" daemon [_thread_in_native, id=3960, stack(0x0000000019a90000,0x0000000019b90000)]
  0x00000000168e5000 JavaThread "JavaFX Application Thread" [_thread_in_native, id=5496, stack(0x0000000017040000,0x0000000017140000)]
  0x00000000168cf800 JavaThread "Thread-1" daemon [_thread_blocked, id=4024, stack(0x0000000016f40000,0x0000000017040000)]
  0x00000000168b3000 JavaThread "QuantumRenderer-0" daemon [_thread_blocked, id=6432, stack(0x0000000016920000,0x0000000016a20000)]
  0x0000000014fc1000 JavaThread "Service Thread" daemon [_thread_blocked, id=8804, stack(0x00000000161b0000,0x00000000162b0000)]
  0x0000000014f5f800 JavaThread "C1 CompilerThread1" daemon [_thread_blocked, id=1080, stack(0x00000000160b0000,0x00000000161b0000)]
=>0x0000000014f5c800 JavaThread "C2 CompilerThread0" daemon [_thread_in_native, id=7584, stack(0x0000000015fb0000,0x00000000160b0000)]
  0x0000000014f58800 JavaThread "Attach Listener" daemon [_thread_blocked, id=8772, stack(0x0000000015eb0000,0x0000000015fb0000)]
  0x0000000014f55800 JavaThread "Signal Dispatcher" daemon [_thread_blocked, id=3984, stack(0x0000000015db0000,0x0000000015eb0000)]
  0x0000000014f48800 JavaThread "Finalizer" daemon [_thread_blocked, id=2316, stack(0x0000000015b90000,0x0000000015c90000)]
  0x0000000002b2d000 JavaThread "Reference Handler" daemon [_thread_blocked, id=6180, stack(0x0000000015a90000,0x0000000015b90000)]
  0x00000000007ae800 JavaThread "main" [_thread_blocked, id=6872, stack(0x0000000002940000,0x0000000002a40000)]

Other Threads:
  0x0000000014f26000 VMThread [stack: 0x0000000015990000,0x0000000015a90000] [id=6020]
  0x0000000014fda000 WatcherThread [stack: 0x0000000016420000,0x0000000016520000] [id=7960]

VM state:not at safepoint (normal execution)

VM Mutex/Monitor currently owned by a thread: None

Heap:
 PSYoungGen      total 54272K, used 1975K [0x00000000eaf00000, 0x00000000eee80000, 0x0000000100000000)
  eden space 44032K, 4% used [0x00000000eaf00000,0x00000000eb0eded0,0x00000000eda00000)
  from space 10240K, 0% used [0x00000000eda00000,0x00000000eda00000,0x00000000ee400000)
  to   space 8192K, 0% used [0x00000000ee400000,0x00000000ee400000,0x00000000eec00000)
 ParOldGen       total 53760K, used 16355K [0x00000000c0c00000, 0x00000000c4080000, 0x00000000eaf00000)
  object space 53760K, 30% used [0x00000000c0c00000,0x00000000c1bf8c58,0x00000000c4080000)
 Metaspace       used 34111K, capacity 35476K, committed 35712K, reserved 1079296K
  class space    used 4661K, capacity 4946K, committed 4992K, reserved 1048576K

Card table byte_map: [0x0000000011f00000,0x0000000012100000] byte_map_base: 0x00000000118fa000

Marking Bits: (ParMarkBitMap*) 0x00000000743ba6c0
 Begin Bits: [0x0000000012460000, 0x0000000013430000)
 End Bits:   [0x0000000013430000, 0x0000000014400000)

Polling page: 0x00000000007e0000

CodeCache: size=245760Kb used=11103Kb max_used=11103Kb free=234656Kb
 bounds [0x0000000002b40000, 0x0000000003620000, 0x0000000011b40000]
 total_blobs=4750 nmethods=3924 adapters=737
 compilation: enabled

Compilation events (10 events):
Event: 14.289 Thread 0x0000000014f5f800 3965       2       com.sun.prism.d3d.D3DContext::updateCompositeMode (108 bytes)
Event: 14.290 Thread 0x0000000014f5f800 nmethod 3965 0x000000000361b8d0 code [0x000000000361baa0, 0x000000000361bf78]
Event: 14.293 Thread 0x0000000014f5f800 3966       2       com.sun.prism.impl.VertexBuffer::addQuad (444 bytes)
Event: 14.294 Thread 0x0000000014f5f800 nmethod 3966 0x000000000361c2d0 code [0x000000000361c4a0, 0x000000000361cb98]
Event: 14.295 Thread 0x0000000014f5f800 3967       2       com.sun.prism.impl.BaseTexture::isSurfaceLost (16 bytes)
Event: 14.295 Thread 0x0000000014f5f800 nmethod 3967 0x000000000361d6d0 code [0x000000000361d840, 0x000000000361d9c8]
Event: 14.297 Thread 0x0000000014f5f800 3968       1       com.sun.prism.impl.ps.CachingShapeRepState$MaskTexData::access$200 (5 bytes)
Event: 14.297 Thread 0x0000000014f5f800 nmethod 3968 0x000000000361da50 code [0x000000000361dba0, 0x000000000361dc90]
Event: 14.323 Thread 0x0000000014f5f800 3969       2       com.sun.javafx.event.EventDispatchChainImpl::reset (44 bytes)
Event: 14.324 Thread 0x0000000014f5f800 nmethod 3969 0x000000000361dd10 code [0x000000000361de80, 0x000000000361e090]

GC Heap History (10 events):
Event: 3.995 GC heap before
{Heap before GC invocations=5 (full 1):
 PSYoungGen      total 35328K, used 2528K [0x00000000eaf00000, 0x00000000ed400000, 0x0000000100000000)
  eden space 32768K, 0% used [0x00000000eaf00000,0x00000000eaf00000,0x00000000ecf00000)
  from space 2560K, 98% used [0x00000000ed180000,0x00000000ed3f8030,0x00000000ed400000)
  to   space 2560K, 0% used [0x00000000ecf00000,0x00000000ecf00000,0x00000000ed180000)
 ParOldGen       total 44032K, used 9329K [0x00000000c0c00000, 0x00000000c3700000, 0x00000000eaf00000)
  object space 44032K, 21% used [0x00000000c0c00000,0x00000000c151c430,0x00000000c3700000)
 Metaspace       used 20338K, capacity 21084K, committed 21296K, reserved 1067008K
  class space    used 2884K, capacity 3080K, committed 3200K, reserved 1048576K
Event: 4.061 GC heap after
Heap after GC invocations=5 (full 1):
 PSYoungGen      total 35328K, used 0K [0x00000000eaf00000, 0x00000000ed400000, 0x0000000100000000)
  eden space 32768K, 0% used [0x00000000eaf00000,0x00000000eaf00000,0x00000000ecf00000)
  from space 2560K, 0% used [0x00000000ed180000,0x00000000ed180000,0x00000000ed400000)
  to   space 2560K, 0% used [0x00000000ecf00000,0x00000000ecf00000,0x00000000ed180000)
 ParOldGen       total 42496K, used 11472K [0x00000000c0c00000, 0x00000000c3580000, 0x00000000eaf00000)
  object space 42496K, 26% used [0x00000000c0c00000,0x00000000c17342c0,0x00000000c3580000)
 Metaspace       used 20338K, capacity 21084K, committed 21296K, reserved 1067008K
  class space    used 2884K, capacity 3080K, committed 3200K, reserved 1048576K
}
Event: 5.047 GC heap before
{Heap before GC invocations=6 (full 1):
 PSYoungGen      total 35328K, used 32768K [0x00000000eaf00000, 0x00000000ed400000, 0x0000000100000000)
  eden space 32768K, 100% used [0x00000000eaf00000,0x00000000ecf00000,0x00000000ecf00000)
  from space 2560K, 0% used [0x00000000ed180000,0x00000000ed180000,0x00000000ed400000)
  to   space 2560K, 0% used [0x00000000ecf00000,0x00000000ecf00000,0x00000000ed180000)
 ParOldGen       total 42496K, used 11472K [0x00000000c0c00000, 0x00000000c3580000, 0x00000000eaf00000)
  object space 42496K, 26% used [0x00000000c0c00000,0x00000000c17342c0,0x00000000c3580000)
 Metaspace       used 27575K, capacity 28258K, committed 28672K, reserved 1073152K
  class space    used 3796K, capacity 3977K, committed 4096K, reserved 1048576K
Event: 5.057 GC heap after
Heap after GC invocations=6 (full 1):
 PSYoungGen      total 35328K, used 2536K [0x00000000eaf00000, 0x00000000eec00000, 0x0000000100000000)
  eden space 32768K, 0% used [0x00000000eaf00000,0x00000000eaf00000,0x00000000ecf00000)
  from space 2560K, 99% used [0x00000000ecf00000,0x00000000ed17a020,0x00000000ed180000)
  to   space 8192K, 0% used [0x00000000ee400000,0x00000000ee400000,0x00000000eec00000)
 ParOldGen       total 42496K, used 15383K [0x00000000c0c00000, 0x00000000c3580000, 0x00000000eaf00000)
  object space 42496K, 36% used [0x00000000c0c00000,0x00000000c1b05fc8,0x00000000c3580000)
 Metaspace       used 27575K, capacity 28258K, committed 28672K, reserved 1073152K
  class space    used 3796K, capacity 3977K, committed 4096K, reserved 1048576K
}
Event: 13.923 GC heap before
{Heap before GC invocations=7 (full 1):
 PSYoungGen      total 35328K, used 35304K [0x00000000eaf00000, 0x00000000eec00000, 0x0000000100000000)
  eden space 32768K, 100% used [0x00000000eaf00000,0x00000000ecf00000,0x00000000ecf00000)
  from space 2560K, 99% used [0x00000000ecf00000,0x00000000ed17a020,0x00000000ed180000)
  to   space 8192K, 0% used [0x00000000ee400000,0x00000000ee400000,0x00000000eec00000)
 ParOldGen       total 42496K, used 15383K [0x00000000c0c00000, 0x00000000c3580000, 0x00000000eaf00000)
  object space 42496K, 36% used [0x00000000c0c00000,0x00000000c1b05fc8,0x00000000c3580000)
 Metaspace       used 33992K, capacity 35388K, committed 35456K, reserved 1079296K
  class space    used 4657K, capacity 4942K, committed 4992K, reserved 1048576K
Event: 13.957 GC heap after
Heap after GC invocations=7 (full 1):
 PSYoungGen      total 52224K, used 8164K [0x00000000eaf00000, 0x00000000eee80000, 0x0000000100000000)
  eden space 44032K, 0% used [0x00000000eaf00000,0x00000000eaf00000,0x00000000eda00000)
  from space 8192K, 99% used [0x00000000ee400000,0x00000000eebf9380,0x00000000eec00000)
  to   space 10240K, 0% used [0x00000000eda00000,0x00000000eda00000,0x00000000ee400000)
 ParOldGen       total 42496K, used 16642K [0x00000000c0c00000, 0x00000000c3580000, 0x00000000eaf00000)
  object space 42496K, 39% used [0x00000000c0c00000,0x00000000c1c40ab8,0x00000000c3580000)
 Metaspace       used 33992K, capacity 35388K, committed 35456K, reserved 1079296K
  class space    used 4657K, capacity 4942K, committed 4992K, reserved 1048576K
}
Event: 14.022 GC heap before
{Heap before GC invocations=8 (full 1):
 PSYoungGen      total 52224K, used 10172K [0x00000000eaf00000, 0x00000000eee80000, 0x0000000100000000)
  eden space 44032K, 4% used [0x00000000eaf00000,0x00000000eb0f5d60,0x00000000eda00000)
  from space 8192K, 99% used [0x00000000ee400000,0x00000000eebf9380,0x00000000eec00000)
  to   space 10240K, 0% used [0x00000000eda00000,0x00000000eda00000,0x00000000ee400000)
 ParOldGen       total 42496K, used 16642K [0x00000000c0c00000, 0x00000000c3580000, 0x00000000eaf00000)
  object space 42496K, 39% used [0x00000000c0c00000,0x00000000c1c40ab8,0x00000000c3580000)
 Metaspace       used 34041K, capacity 35394K, committed 35456K, reserved 1079296K
  class space    used 4658K, capacity 4943K, committed 4992K, reserved 1048576K
Event: 14.037 GC heap after
Heap after GC invocations=8 (full 1):
 PSYoungGen      total 54272K, used 7952K [0x00000000eaf00000, 0x00000000eee80000, 0x0000000100000000)
  eden space 44032K, 0% used [0x00000000eaf00000,0x00000000eaf00000,0x00000000eda00000)
  from space 10240K, 77% used [0x00000000eda00000,0x00000000ee1c40c0,0x00000000ee400000)
  to   space 8192K, 0% used [0x00000000ee400000,0x00000000ee400000,0x00000000eec00000)
 ParOldGen       total 42496K, used 16650K [0x00000000c0c00000, 0x00000000c3580000, 0x00000000eaf00000)
  object space 42496K, 39% used [0x00000000c0c00000,0x00000000c1c42ab8,0x00000000c3580000)
 Metaspace       used 34041K, capacity 35394K, committed 35456K, reserved 1079296K
  class space    used 4658K, capacity 4943K, committed 4992K, reserved 1048576K
}
Event: 14.037 GC heap before
{Heap before GC invocations=9 (full 2):
 PSYoungGen      total 54272K, used 7952K [0x00000000eaf00000, 0x00000000eee80000, 0x0000000100000000)
  eden space 44032K, 0% used [0x00000000eaf00000,0x00000000eaf00000,0x00000000eda00000)
  from space 10240K, 77% used [0x00000000eda00000,0x00000000ee1c40c0,0x00000000ee400000)
  to   space 8192K, 0% used [0x00000000ee400000,0x00000000ee400000,0x00000000eec00000)
 ParOldGen       total 42496K, used 16650K [0x00000000c0c00000, 0x00000000c3580000, 0x00000000eaf00000)
  object space 42496K, 39% used [0x00000000c0c00000,0x00000000c1c42ab8,0x00000000c3580000)
 Metaspace       used 34041K, capacity 35394K, committed 35456K, reserved 1079296K
  class space    used 4658K, capacity 4943K, committed 4992K, reserved 1048576K
Event: 14.138 GC heap after
Heap after GC invocations=9 (full 2):
 PSYoungGen      total 54272K, used 0K [0x00000000eaf00000, 0x00000000eee80000, 0x0000000100000000)
  eden space 44032K, 0% used [0x00000000eaf00000,0x00000000eaf00000,0x00000000eda00000)
  from space 10240K, 0% used [0x00000000eda00000,0x00000000eda00000,0x00000000ee400000)
  to   space 8192K, 0% used [0x00000000ee400000,0x00000000ee400000,0x00000000eec00000)
 ParOldGen       total 53760K, used 16355K [0x00000000c0c00000, 0x00000000c4080000, 0x00000000eaf00000)
  object space 53760K, 30% used [0x00000000c0c00000,0x00000000c1bf8c58,0x00000000c4080000)
 Metaspace       used 34041K, capacity 35394K, committed 35456K, reserved 1079296K
  class space    used 4658K, capacity 4943K, committed 4992K, reserved 1048576K
}

Deoptimization events (10 events):
Event: 10.705 Thread 0x00000000168e5000 Uncommon trap: reason=class_check action=maybe_recompile pc=0x000000000333c0b0 method=java.io.FilterInputStream.read()I @ 4
Event: 10.705 Thread 0x00000000168e5000 Uncommon trap: reason=class_check action=maybe_recompile pc=0x000000000333c0b0 method=java.io.FilterInputStream.read()I @ 4
Event: 10.705 Thread 0x00000000168e5000 Uncommon trap: reason=class_check action=maybe_recompile pc=0x000000000333c0b0 method=java.io.FilterInputStream.read()I @ 4
Event: 10.705 Thread 0x00000000168e5000 Uncommon trap: reason=class_check action=maybe_recompile pc=0x000000000333c0b0 method=java.io.FilterInputStream.read()I @ 4
Event: 10.728 Thread 0x00000000168e5000 Uncommon trap: reason=unstable_if action=reinterpret pc=0x00000000030d2d50 method=java.lang.reflect.Method.equals(Ljava/lang/Object;)Z @ 49
Event: 12.713 Thread 0x00000000168e5000 Uncommon trap: reason=unstable_if action=reinterpret pc=0x0000000003408ff0 method=javafx.scene.CssStyleHelper.getStyle(Ljavafx/css/Styleable;Ljava/lang/String;Lcom/sun/javafx/css/StyleMap;Ljava/util/Set;)Lcom/sun/javafx/css/CascadingStyle; @ 8
Event: 13.990 Thread 0x00000000168e5000 Uncommon trap: reason=array_check action=maybe_recompile pc=0x00000000035f8390 method=com.sun.javafx.css.SimpleSelector.applies(Ljavafx/css/Styleable;[Ljava/util/Set;I)Z @ 37
Event: 13.990 Thread 0x00000000168e5000 Uncommon trap: reason=array_check action=maybe_recompile pc=0x00000000035f8390 method=com.sun.javafx.css.SimpleSelector.applies(Ljavafx/css/Styleable;[Ljava/util/Set;I)Z @ 37
Event: 13.990 Thread 0x00000000168e5000 Uncommon trap: reason=array_check action=maybe_recompile pc=0x00000000035f8390 method=com.sun.javafx.css.SimpleSelector.applies(Ljavafx/css/Styleable;[Ljava/util/Set;I)Z @ 37
Event: 13.991 Thread 0x00000000168e5000 Uncommon trap: reason=array_check action=maybe_recompile pc=0x00000000035f8390 method=com.sun.javafx.css.SimpleSelector.applies(Ljavafx/css/Styleable;[Ljava/util/Set;I)Z @ 37

Internal exceptions (10 events):
Event: 1.448 Thread 0x00000000168e5000 Exception <a 'java/security/PrivilegedActionException'> (0x00000000eb91a9c0) thrown at [C:\re\workspace\8-2-build-windows-amd64-cygwin\jdk8u111\7883\hotspot\src\share\vm\prims\jvm.cpp, line 1386]
Event: 1.770 Thread 0x00000000168e5000 Exception <a 'java/lang/ArrayIndexOutOfBoundsException': 58> (0x00000000ebccf488) thrown at [C:\re\workspace\8-2-build-windows-amd64-cygwin\jdk8u111\7883\hotspot\src\share\vm\interpreter\interpreterRuntime.cpp, line 366]
Event: 1.771 Thread 0x00000000168e5000 Exception <a 'java/lang/ArrayIndexOutOfBoundsException': 18> (0x00000000ebcd0310) thrown at [C:\re\workspace\8-2-build-windows-amd64-cygwin\jdk8u111\7883\hotspot\src\share\vm\interpreter\interpreterRuntime.cpp, line 366]
Event: 1.772 Thread 0x00000000168e5000 Exception <a 'java/lang/ArrayIndexOutOfBoundsException': 86> (0x00000000ebcd16b8) thrown at [C:\re\workspace\8-2-build-windows-amd64-cygwin\jdk8u111\7883\hotspot\src\share\vm\interpreter\interpreterRuntime.cpp, line 366]
Event: 3.147 Thread 0x00000000168e5000 Exception <a 'java/lang/ArrayIndexOutOfBoundsException'> (0x00000000eb10f3a0) thrown at [C:\re\workspace\8-2-build-windows-amd64-cygwin\jdk8u111\7883\hotspot\src\share\vm\runtime\sharedRuntime.cpp, line 605]
Event: 3.147 Thread 0x00000000168e5000 Exception <a 'java/lang/ArrayIndexOutOfBoundsException'> (0x00000000eb1103a0) thrown at [C:\re\workspace\8-2-build-windows-amd64-cygwin\jdk8u111\7883\hotspot\src\share\vm\runtime\sharedRuntime.cpp, line 605]
Event: 3.147 Thread 0x00000000168e5000 Exception <a 'java/lang/ArrayIndexOutOfBoundsException'> (0x00000000eb111c10) thrown at [C:\re\workspace\8-2-build-windows-amd64-cygwin\jdk8u111\7883\hotspot\src\share\vm\runtime\sharedRuntime.cpp, line 605]
Event: 4.251 Thread 0x00000000168e5000 Implicit null exception at 0x0000000002e2eb59 to 0x0000000002e2eef5
Event: 4.619 Thread 0x00000000168e5000 Exception <a 'java/lang/NullPointerException'> (0x00000000ebb4de98) thrown at [C:\re\workspace\8-2-build-windows-amd64-cygwin\jdk8u111\7883\hotspot\src\share\vm\runtime\reflection.cpp, line 922]
Event: 4.619 Thread 0x00000000168e5000 Implicit null exception at 0x0000000002d616d6 to 0x0000000002d61a71

Events (10 events):
Event: 14.191 loading class com/sun/javafx/tk/quantum/QuantumToolkit
Event: 14.191 loading class com/sun/javafx/tk/quantum/QuantumToolkit done
Event: 14.192 loading class com/sun/javafx/tk/RenderJob
Event: 14.192 loading class com/sun/javafx/tk/RenderJob done
Event: 14.197 loading class com/sun/scenario/effect/impl/state/LinearConvolveRenderState$PassType
Event: 14.197 loading class com/sun/scenario/effect/impl/state/LinearConvolveRenderState$PassType done
Event: 14.240 Executing VM operation: RevokeBias
Event: 14.240 Executing VM operation: RevokeBias done
Event: 14.260 Executing VM operation: RevokeBias
Event: 14.261 Executing VM operation: RevokeBias done


Dynamic libraries:
0x00007ff720cd0000 - 0x00007ff720d07000 	C:\Program Files\Java\jdk1.8.0_111\jre\bin\java.exe
0x00007ffd8e600000 - 0x00007ffd8e7ed000 	C:\Windows\SYSTEM32\ntdll.dll
0x00007ffd8b930000 - 0x00007ffd8b9e3000 	C:\Windows\System32\KERNEL32.DLL
0x00007ffd8b370000 - 0x00007ffd8b605000 	C:\Windows\System32\KERNELBASE.dll
0x00007ffd8e520000 - 0x00007ffd8e5c4000 	C:\Windows\System32\ADVAPI32.dll
0x00007ffd8be10000 - 0x00007ffd8beae000 	C:\Windows\System32\msvcrt.dll
0x00007ffd8ba50000 - 0x00007ffd8baee000 	C:\Windows\System32\sechost.dll
0x00007ffd8c020000 - 0x00007ffd8c13f000 	C:\Windows\System32\RPCRT4.dll
0x00007ffd8c140000 - 0x00007ffd8c2d8000 	C:\Windows\System32\USER32.dll
0x00007ffd8a6b0000 - 0x00007ffd8a6d0000 	C:\Windows\System32\win32u.dll
0x00007ffd8dfb0000 - 0x00007ffd8dfd9000 	C:\Windows\System32\GDI32.dll
0x00007ffd8b070000 - 0x00007ffd8b20c000 	C:\Windows\System32\gdi32full.dll
0x00007ffd8afd0000 - 0x00007ffd8b070000 	C:\Windows\System32\msvcp_win.dll
0x00007ffd8b270000 - 0x00007ffd8b36a000 	C:\Windows\System32\ucrtbase.dll
0x00007ffd798d0000 - 0x00007ffd79b49000 	C:\Windows\WinSxS\amd64_microsoft.windows.common-controls_6595b64144ccf1df_6.0.17763.2028_none_de6f2eb4534d3a50\COMCTL32.dll
0x00007ffd8dc80000 - 0x00007ffd8dfad000 	C:\Windows\System32\combase.dll
0x00007ffd8a6d0000 - 0x00007ffd8a752000 	C:\Windows\System32\bcryptPrimitives.dll
0x00007ffd8dc50000 - 0x00007ffd8dc7e000 	C:\Windows\System32\IMM32.DLL
0x0000000074820000 - 0x00000000748f2000 	C:\Program Files\Java\jdk1.8.0_111\jre\bin\msvcr100.dll
0x0000000073ba0000 - 0x000000007443a000 	C:\Program Files\Java\jdk1.8.0_111\jre\bin\server\jvm.dll
0x00007ffd8dad0000 - 0x00007ffd8dad8000 	C:\Windows\System32\PSAPI.DLL
0x00007ffd7cd40000 - 0x00007ffd7cd49000 	C:\Windows\SYSTEM32\WSOCK32.dll
0x00007ffd88600000 - 0x00007ffd88624000 	C:\Windows\SYSTEM32\WINMM.dll
0x00007ffd8baf0000 - 0x00007ffd8bb5d000 	C:\Windows\System32\WS2_32.dll
0x00007ffd85570000 - 0x00007ffd8557a000 	C:\Windows\SYSTEM32\VERSION.dll
0x00007ffd885d0000 - 0x00007ffd885fd000 	C:\Windows\SYSTEM32\WINMMBASE.dll
0x00007ffd8a760000 - 0x00007ffd8a7aa000 	C:\Windows\System32\cfgmgr32.dll
0x00000000747d0000 - 0x00000000747df000 	C:\Program Files\Java\jdk1.8.0_111\jre\bin\verify.dll
0x00000000747a0000 - 0x00000000747c9000 	C:\Program Files\Java\jdk1.8.0_111\jre\bin\java.dll
0x0000000074780000 - 0x0000000074796000 	C:\Program Files\Java\jdk1.8.0_111\jre\bin\zip.dll
0x00007ffd8c5d0000 - 0x00007ffd8dac9000 	C:\Windows\System32\SHELL32.dll
0x00007ffd8bb60000 - 0x00007ffd8bc08000 	C:\Windows\System32\shcore.dll
0x00007ffd8a7b0000 - 0x00007ffd8aefb000 	C:\Windows\System32\windows.storage.dll
0x00007ffd8a680000 - 0x00007ffd8a6a4000 	C:\Windows\System32\profapi.dll
0x00007ffd8a5e0000 - 0x00007ffd8a63d000 	C:\Windows\System32\powrprof.dll
0x00007ffd8e040000 - 0x00007ffd8e092000 	C:\Windows\System32\shlwapi.dll
0x00007ffd8a660000 - 0x00007ffd8a671000 	C:\Windows\System32\kernel.appcore.dll
0x00007ffd8afb0000 - 0x00007ffd8afc7000 	C:\Windows\System32\cryptsp.dll
0x00007ffd692b0000 - 0x00007ffd6939f000 	C:\Program Files\Java\jdk1.8.0_111\jre\bin\msvcr120.dll
0x00007ffd6fa00000 - 0x00007ffd6faa6000 	C:\Program Files\Java\jdk1.8.0_111\jre\bin\msvcp120.dll
0x0000000071bd0000 - 0x0000000071bf2000 	C:\Program Files\Java\jdk1.8.0_111\jre\bin\prism_d3d.dll
0x00007ffd66620000 - 0x00007ffd667be000 	C:\Windows\system32\d3d9.dll
0x00007ffd88c50000 - 0x00007ffd88c7e000 	C:\Windows\SYSTEM32\dwmapi.dll
0x00007ffd8b610000 - 0x00007ffd8b7f3000 	C:\Windows\System32\CRYPT32.dll
0x00007ffd8a640000 - 0x00007ffd8a652000 	C:\Windows\System32\MSASN1.dll
0x00007ffd889d0000 - 0x00007ffd88a6c000 	C:\Windows\system32\uxtheme.dll
0x00007ffd85580000 - 0x00007ffd856e7000 	C:\Windows\SYSTEM32\aticfx64.dll
0x00007ffd79e90000 - 0x00007ffd79eb1000 	C:\Windows\SYSTEM32\atiu9p64.dll
0x00007ffd55f40000 - 0x00007ffd56799000 	C:\Windows\SYSTEM32\atiumd64.dll
0x0000000070f00000 - 0x0000000071788000 	C:\Windows\SYSTEM32\atiumd6a.dll
0x0000000071b80000 - 0x0000000071bc3000 	C:\Program Files\Java\jdk1.8.0_111\jre\bin\glass.dll
0x00007ffd8bc10000 - 0x00007ffd8bd37000 	C:\Windows\System32\COMDLG32.dll
0x00007ffd8dae0000 - 0x00007ffd8dc36000 	C:\Windows\System32\ole32.dll
0x00007ffd8bd40000 - 0x00007ffd8be04000 	C:\Windows\System32\OLEAUT32.dll
0x00007ffd8beb0000 - 0x00007ffd8c01b000 	C:\Windows\System32\MSCTF.dll
0x0000000071b60000 - 0x0000000071b74000 	C:\Program Files\Java\jdk1.8.0_111\jre\bin\javafx_font.dll
0x00007ffd7f1c0000 - 0x00007ffd7f4bc000 	C:\Windows\SYSTEM32\dwrite.dll
0x00007ffd8c510000 - 0x00007ffd8c5b2000 	C:\Windows\System32\clbcatq.dll
0x00007ffd85810000 - 0x00007ffd859c8000 	C:\Windows\SYSTEM32\WindowsCodecs.dll
0x00007ffd72480000 - 0x00007ffd724d7000 	C:\Windows\system32\dataexchange.dll
0x00007ffd87770000 - 0x00007ffd879ee000 	C:\Windows\system32\d3d11.dll
0x00007ffd87fb0000 - 0x00007ffd88173000 	C:\Windows\system32\dcomp.dll
0x00007ffd892e0000 - 0x00007ffd893a2000 	C:\Windows\system32\dxgi.dll
0x00007ffd88d80000 - 0x00007ffd88f8c000 	C:\Windows\system32\twinapi.appcore.dll
0x00007ffd88ca0000 - 0x00007ffd88cc8000 	C:\Windows\system32\RMCLIENT.dll
0x00007ffd78db0000 - 0x00007ffd78de3000 	C:\Program Files\Common Files\Microsoft Shared\Ink\rtscom.dll
0x00007ffd81040000 - 0x00007ffd810d4000 	C:\Windows\System32\TextInputFramework.dll
0x00007ffd859d0000 - 0x00007ffd85cf2000 	C:\Windows\System32\CoreUIComponents.dll
0x00007ffd88180000 - 0x00007ffd88261000 	C:\Windows\System32\CoreMessaging.dll
0x00007ffd89630000 - 0x00007ffd89661000 	C:\Windows\SYSTEM32\ntmarta.dll
0x00007ffd864f0000 - 0x00007ffd86641000 	C:\Windows\SYSTEM32\wintypes.dll
0x0000000071b40000 - 0x0000000071b51000 	C:\Program Files\Java\jdk1.8.0_111\jre\bin\prism_common.dll
0x00007ffd899b0000 - 0x00007ffd899e3000 	C:\Windows\system32\rsaenh.dll
0x00007ffd8b800000 - 0x00007ffd8b826000 	C:\Windows\System32\bcrypt.dll
0x00007ffd8a4e0000 - 0x00007ffd8a509000 	C:\Windows\SYSTEM32\USERENV.dll
0x00007ffd89ff0000 - 0x00007ffd89ffc000 	C:\Windows\SYSTEM32\CRYPTBASE.dll
0x0000000074760000 - 0x000000007477a000 	C:\Program Files\Java\jdk1.8.0_111\jre\bin\net.dll
0x00007ffd89e20000 - 0x00007ffd89e87000 	C:\Windows\system32\mswsock.dll
0x00007ffd89b40000 - 0x00007ffd89b7d000 	C:\Windows\SYSTEM32\IPHLPAPI.DLL
0x00007ffd8dc40000 - 0x00007ffd8dc48000 	C:\Windows\System32\NSI.dll
0x00007ffd82570000 - 0x00007ffd82586000 	C:\Windows\SYSTEM32\dhcpcsvc6.DLL
0x00007ffd82660000 - 0x00007ffd8267c000 	C:\Windows\SYSTEM32\dhcpcsvc.DLL
0x00007ffd89b80000 - 0x00007ffd89c46000 	C:\Windows\SYSTEM32\DNSAPI.dll
0x0000000074740000 - 0x0000000074751000 	C:\Program Files\Java\jdk1.8.0_111\jre\bin\nio.dll
0x00007ffd7de60000 - 0x00007ffd7de6a000 	C:\Windows\System32\rasadhlp.dll
0x00007ffd7e610000 - 0x00007ffd7e689000 	C:\Windows\System32\fwpuclnt.dll
0x00007ffd879f0000 - 0x00007ffd87fae000 	C:\Windows\SYSTEM32\d2d1.dll
0x00007ffd70540000 - 0x00007ffd70c7b000 	C:\Windows\SYSTEM32\D3D10Warp.dll

VM Arguments:
jvm_args: -Dfile.encoding=UTF-8 
java_command: C:\Users\Zaiouane\Documents\NetBeansProjects\ApplicationFXCovid_1\dist\run1420642771\ApplicationFXCovid_1.jar
java_class_path (initial): C:\Users\Zaiouane\Documents\NetBeansProjects\ApplicationFXCovid_1\dist\run1420642771\ApplicationFXCovid_1.jar
Launcher Type: SUN_STANDARD

Environment Variables:
PATH=C:\Program Files\IBM\ILOG\CPLEX_Studio_Community201\opl\bin\x64_win64;C:\Program Files\IBM\ILOG\CPLEX_Studio_Community201\opl\oplide\;C:\Program Files\IBM\ILOG\CPLEX_Studio_Community201\cplex\bin\x64_win64;C:\Program Files\IBM\ILOG\CPLEX_Studio_Community201\cpoptimizer\bin\x64_win64;C:\oraclexe\app\oracle\product\11.2.0\server\bin;;C:\Program Files (x86)\Common Files\Oracle\Java\javapath;C:\Program Files\Common Files\Oracle\Java\javapath;C:\Windows\system32;C:\Windows;C:\Windows\System32\Wbem;C:\Windows\System32\WindowsPowerShell\v1.0\;C:\Windows\System32\OpenSSH\;C:\Program Files (x86)\ATI Technologies\ATI.ACE\Core-Static;C:\Program Files\nodejs\;C:\Program Files\Git\cmd;C:\Users\Zaiouane\AppData\Local\Microsoft\WindowsApps;;C:\Users\Zaiouane\AppData\Local\Programs\Microsoft VS Code\bin;C:\Users\Zaiouane\AppData\Roaming\npm
USERNAME=Zaiouane
OS=Windows_NT
PROCESSOR_IDENTIFIER=Intel64 Family 6 Model 42 Stepping 7, GenuineIntel



---------------  S Y S T E M  ---------------

OS: Windows 10.0 , 64 bit Build 17763 (10.0.17763.2028)

CPU:total 2 (2 cores per cpu, 1 threads per core) family 6 model 42 stepping 7, cmov, cx8, fxsr, mmx, sse, sse2, sse3, ssse3, sse4.1, sse4.2, popcnt, clmul, tsc, tscinvbit

Memory: 4k page, physical 4143468k(424036k free), swap 6240620k(5832k free)

vm_info: Java HotSpot(TM) 64-Bit Server VM (25.111-b14) for windows-amd64 JRE (1.8.0_111-b14), built on Sep 22 2016 19:24:05 by "java_re" with MS VC++ 10.0 (VS2010)

time: Sat Jun 26 12:59:38 2021
elapsed time: 14 seconds (0d 0h 0m 14s)

