#
# There is insufficient memory for the Java Runtime Environment to continue.
# Native memory allocation (malloc) failed to allocate 1134352 bytes for Chunk::new
# Possible reasons:
#   The system is out of physical RAM or swap space
#   In 32 bit mode, the process size limit was hit
# Possible solutions:
#   Reduce memory load on the system
#   Increase physical memory or swap space
#   Check if swap backing store is full
#   Use 64 bit Java on a 64 bit OS
#   Decrease Java heap size (-Xmx/-Xms)
#   Decrease number of Java threads
#   Decrease Java thread stack sizes (-Xss)
#   Set larger code cache with -XX:ReservedCodeCacheSize=
# This output file may be truncated or incomplete.
#
#  Out of Memory Error (allocation.cpp:390), pid=1796, tid=0x00000000000021f8
#
# JRE version: Java(TM) SE Runtime Environment (8.0_111-b14) (build 1.8.0_111-b14)
# Java VM: Java HotSpot(TM) 64-Bit Server VM (25.111-b14 mixed mode windows-amd64 compressed oops)
# Failed to write core dump. Minidumps are not enabled by default on client versions of Windows
#

---------------  T H R E A D  ---------------

Current thread (0x0000000014cfc000):  JavaThread "C2 CompilerThread0" daemon [_thread_in_native, id=8696, stack(0x0000000015d50000,0x0000000015e50000)]

Stack: [0x0000000015d50000,0x0000000015e50000]
[error occurred during error reporting (printing stack bounds), id 0xc0000005]

Native frames: (J=compiled Java code, j=interpreted, Vv=VM code, C=native code)


Current CompileTask:
C2:  14713 4016   !   4       javafx.scene.CssStyleHelper::transitionToState (1075 bytes)


---------------  P R O C E S S  ---------------

Java Threads: ( => current thread )
  0x000000001d422800 JavaThread "pool-2-thread-1" [_thread_blocked, id=7104, stack(0x000000001e6e0000,0x000000001e7e0000)]
  0x00000000197c1000 JavaThread "Abandoned connection cleanup thread" daemon [_thread_blocked, id=7476, stack(0x000000001e3e0000,0x000000001e4e0000)]
  0x0000000019354000 JavaThread "Prism Font Disposer" daemon [_thread_blocked, id=8464, stack(0x000000001b8c0000,0x000000001b9c0000)]
  0x0000000019229800 JavaThread "JavaFX-Launcher" [_thread_blocked, id=6968, stack(0x0000000019ac0000,0x0000000019bc0000)]
  0x0000000019226800 JavaThread "Thread-2" daemon [_thread_in_native, id=2892, stack(0x00000000199c0000,0x0000000019ac0000)]
  0x000000001667e000 JavaThread "JavaFX Application Thread" [_thread_in_native, id=8168, stack(0x0000000016f70000,0x0000000017070000)]
  0x0000000016666800 JavaThread "Thread-1" daemon [_thread_blocked, id=2976, stack(0x0000000016e70000,0x0000000016f70000)]
  0x000000001664a800 JavaThread "QuantumRenderer-0" daemon [_thread_blocked, id=5064, stack(0x00000000166c0000,0x00000000167c0000)]
  0x0000000014d0d000 JavaThread "Service Thread" daemon [_thread_blocked, id=6056, stack(0x0000000015f50000,0x0000000016050000)]
  0x0000000014cff800 JavaThread "C1 CompilerThread1" daemon [_thread_blocked, id=8684, stack(0x0000000015e50000,0x0000000015f50000)]
=>0x0000000014cfc000 JavaThread "C2 CompilerThread0" daemon [_thread_in_native, id=8696, stack(0x0000000015d50000,0x0000000015e50000)]
  0x0000000014cf8800 JavaThread "Attach Listener" daemon [_thread_blocked, id=2528, stack(0x0000000015c50000,0x0000000015d50000)]
  0x0000000014cf5800 JavaThread "Signal Dispatcher" daemon [_thread_blocked, id=8796, stack(0x0000000015b50000,0x0000000015c50000)]
  0x0000000014ce8800 JavaThread "Finalizer" daemon [_thread_blocked, id=7924, stack(0x0000000015930000,0x0000000015a30000)]
  0x00000000028cd800 JavaThread "Reference Handler" daemon [_thread_blocked, id=6904, stack(0x0000000015830000,0x0000000015930000)]
  0x00000000026de800 JavaThread "main" [_thread_blocked, id=6112, stack(0x00000000026e0000,0x00000000027e0000)]

Other Threads:
  0x0000000014cc6000 VMThread [stack: 0x0000000015730000,0x0000000015830000] [id=3320]
  0x0000000014d11000 WatcherThread [stack: 0x00000000161c0000,0x00000000162c0000] [id=6896]

VM state:not at safepoint (normal execution)

VM Mutex/Monitor currently owned by a thread: None

Heap:
 PSYoungGen      total 53248K, used 2713K [0x00000000eaf00000, 0x00000000f0700000, 0x0000000100000000)
  eden space 43008K, 6% used [0x00000000eaf00000,0x00000000eb1a6718,0x00000000ed900000)
  from space 10240K, 0% used [0x00000000ed900000,0x00000000ed900000,0x00000000ee300000)
  to   space 10752K, 0% used [0x00000000efc80000,0x00000000efc80000,0x00000000f0700000)
 ParOldGen       total 43008K, used 16210K [0x00000000c0c00000, 0x00000000c3600000, 0x00000000eaf00000)
  object space 43008K, 37% used [0x00000000c0c00000,0x00000000c1bd4bd0,0x00000000c3600000)
 Metaspace       used 34150K, capacity 35544K, committed 35712K, reserved 1079296K
  class space    used 4664K, capacity 4946K, committed 4992K, reserved 1048576K

Card table byte_map: [0x0000000011ca0000,0x0000000011ea0000] byte_map_base: 0x000000001169a000

Marking Bits: (ParMarkBitMap*) 0x00000000743ba6c0
 Begin Bits: [0x0000000012200000, 0x00000000131d0000)
 End Bits:   [0x00000000131d0000, 0x00000000141a0000)

Polling page: 0x00000000007b0000

CodeCache: size=245760Kb used=11502Kb max_used=11505Kb free=234257Kb
 bounds [0x00000000028e0000, 0x0000000003430000, 0x00000000118e0000]
 total_blobs=4833 nmethods=4007 adapters=737
 compilation: enabled

Compilation events (10 events):
Event: 14.494 Thread 0x0000000014cff800 4030       2       com.sun.glass.ui.View::checkNotClosed (20 bytes)
Event: 14.495 Thread 0x0000000014cff800 nmethod 4030 0x0000000003420810 code [0x0000000003420980, 0x0000000003420ba8]
Event: 14.517 Thread 0x0000000014cff800 4031       2       com.sun.glass.ui.Window::getPlatformScale (5 bytes)
Event: 14.517 Thread 0x0000000014cff800 nmethod 4031 0x00000000034204d0 code [0x0000000003420620, 0x0000000003420770]
Event: 14.525 Thread 0x0000000014cff800 4032       2       com.sun.prism.impl.ps.BaseShaderContext::validatePaintOp (19 bytes)
Event: 14.525 Thread 0x0000000014cff800 nmethod 4032 0x0000000003420110 code [0x0000000003420280, 0x0000000003420408]
Event: 14.555 Thread 0x0000000014cff800 4033       2       java.util.concurrent.locks.AbstractQueuedSynchronizer$Node::predecessor (19 bytes)
Event: 14.555 Thread 0x0000000014cff800 nmethod 4033 0x000000000341fcd0 code [0x000000000341fe40, 0x0000000003420048]
Event: 14.699 Thread 0x0000000014cff800 4034       2       java.util.WeakHashMap::putAll (133 bytes)
Event: 14.699 Thread 0x0000000014cff800 nmethod 4034 0x000000000341f390 code [0x000000000341f5a0, 0x000000000341fa08]

GC Heap History (10 events):
Event: 3.359 GC heap before
{Heap before GC invocations=5 (full 1):
 PSYoungGen      total 35328K, used 2528K [0x00000000eaf00000, 0x00000000ed400000, 0x0000000100000000)
  eden space 32768K, 0% used [0x00000000eaf00000,0x00000000eaf00000,0x00000000ecf00000)
  from space 2560K, 98% used [0x00000000ed180000,0x00000000ed3f8030,0x00000000ed400000)
  to   space 2560K, 0% used [0x00000000ecf00000,0x00000000ecf00000,0x00000000ed180000)
 ParOldGen       total 44032K, used 9370K [0x00000000c0c00000, 0x00000000c3700000, 0x00000000eaf00000)
  object space 44032K, 21% used [0x00000000c0c00000,0x00000000c1526960,0x00000000c3700000)
 Metaspace       used 20386K, capacity 21104K, committed 21296K, reserved 1067008K
  class space    used 2890K, capacity 3110K, committed 3200K, reserved 1048576K
Event: 3.438 GC heap after
Heap after GC invocations=5 (full 1):
 PSYoungGen      total 35328K, used 0K [0x00000000eaf00000, 0x00000000ed400000, 0x0000000100000000)
  eden space 32768K, 0% used [0x00000000eaf00000,0x00000000eaf00000,0x00000000ecf00000)
  from space 2560K, 0% used [0x00000000ed180000,0x00000000ed180000,0x00000000ed400000)
  to   space 2560K, 0% used [0x00000000ecf00000,0x00000000ecf00000,0x00000000ed180000)
 ParOldGen       total 43008K, used 11270K [0x00000000c0c00000, 0x00000000c3600000, 0x00000000eaf00000)
  object space 43008K, 26% used [0x00000000c0c00000,0x00000000c17018c0,0x00000000c3600000)
 Metaspace       used 20386K, capacity 21104K, committed 21296K, reserved 1067008K
  class space    used 2890K, capacity 3110K, committed 3200K, reserved 1048576K
}
Event: 4.455 GC heap before
{Heap before GC invocations=6 (full 1):
 PSYoungGen      total 35328K, used 32768K [0x00000000eaf00000, 0x00000000ed400000, 0x0000000100000000)
  eden space 32768K, 100% used [0x00000000eaf00000,0x00000000ecf00000,0x00000000ecf00000)
  from space 2560K, 0% used [0x00000000ed180000,0x00000000ed180000,0x00000000ed400000)
  to   space 2560K, 0% used [0x00000000ecf00000,0x00000000ecf00000,0x00000000ed180000)
 ParOldGen       total 43008K, used 11270K [0x00000000c0c00000, 0x00000000c3600000, 0x00000000eaf00000)
  object space 43008K, 26% used [0x00000000c0c00000,0x00000000c17018c0,0x00000000c3600000)
 Metaspace       used 27574K, capacity 28246K, committed 28416K, reserved 1073152K
  class space    used 3792K, capacity 3975K, committed 4096K, reserved 1048576K
Event: 4.464 GC heap after
Heap after GC invocations=6 (full 1):
 PSYoungGen      total 35328K, used 2543K [0x00000000eaf00000, 0x00000000eeb00000, 0x0000000100000000)
  eden space 32768K, 0% used [0x00000000eaf00000,0x00000000eaf00000,0x00000000ecf00000)
  from space 2560K, 99% used [0x00000000ecf00000,0x00000000ed17bcf8,0x00000000ed180000)
  to   space 8192K, 0% used [0x00000000ee300000,0x00000000ee300000,0x00000000eeb00000)
 ParOldGen       total 43008K, used 15163K [0x00000000c0c00000, 0x00000000c3600000, 0x00000000eaf00000)
  object space 43008K, 35% used [0x00000000c0c00000,0x00000000c1acec80,0x00000000c3600000)
 Metaspace       used 27574K, capacity 28246K, committed 28416K, reserved 1073152K
  class space    used 3792K, capacity 3975K, committed 4096K, reserved 1048576K
}
Event: 13.570 GC heap before
{Heap before GC invocations=7 (full 1):
 PSYoungGen      total 35328K, used 35311K [0x00000000eaf00000, 0x00000000eeb00000, 0x0000000100000000)
  eden space 32768K, 100% used [0x00000000eaf00000,0x00000000ecf00000,0x00000000ecf00000)
  from space 2560K, 99% used [0x00000000ecf00000,0x00000000ed17bcf8,0x00000000ed180000)
  to   space 8192K, 0% used [0x00000000ee300000,0x00000000ee300000,0x00000000eeb00000)
 ParOldGen       total 43008K, used 15163K [0x00000000c0c00000, 0x00000000c3600000, 0x00000000eaf00000)
  object space 43008K, 35% used [0x00000000c0c00000,0x00000000c1acec80,0x00000000c3600000)
 Metaspace       used 33986K, capacity 35328K, committed 35456K, reserved 1079296K
  class space    used 4657K, capacity 4942K, committed 4992K, reserved 1048576K
Event: 13.590 GC heap after
Heap after GC invocations=7 (full 1):
 PSYoungGen      total 51200K, used 8182K [0x00000000eaf00000, 0x00000000eed00000, 0x0000000100000000)
  eden space 43008K, 0% used [0x00000000eaf00000,0x00000000eaf00000,0x00000000ed900000)
  from space 8192K, 99% used [0x00000000ee300000,0x00000000eeafd8d0,0x00000000eeb00000)
  to   space 10240K, 0% used [0x00000000ed900000,0x00000000ed900000,0x00000000ee300000)
 ParOldGen       total 43008K, used 16373K [0x00000000c0c00000, 0x00000000c3600000, 0x00000000eaf00000)
  object space 43008K, 38% used [0x00000000c0c00000,0x00000000c1bfd528,0x00000000c3600000)
 Metaspace       used 33986K, capacity 35328K, committed 35456K, reserved 1079296K
  class space    used 4657K, capacity 4942K, committed 4992K, reserved 1048576K
}
Event: 13.719 GC heap before
{Heap before GC invocations=8 (full 1):
 PSYoungGen      total 51200K, used 10120K [0x00000000eaf00000, 0x00000000eed00000, 0x0000000100000000)
  eden space 43008K, 4% used [0x00000000eaf00000,0x00000000eb0e48d8,0x00000000ed900000)
  from space 8192K, 99% used [0x00000000ee300000,0x00000000eeafd8d0,0x00000000eeb00000)
  to   space 10240K, 0% used [0x00000000ed900000,0x00000000ed900000,0x00000000ee300000)
 ParOldGen       total 43008K, used 16373K [0x00000000c0c00000, 0x00000000c3600000, 0x00000000eaf00000)
  object space 43008K, 38% used [0x00000000c0c00000,0x00000000c1bfd528,0x00000000c3600000)
 Metaspace       used 34071K, capacity 35398K, committed 35456K, reserved 1079296K
  class space    used 4658K, capacity 4943K, committed 4992K, reserved 1048576K
Event: 13.734 GC heap after
Heap after GC invocations=8 (full 1):
 PSYoungGen      total 53248K, used 7986K [0x00000000eaf00000, 0x00000000f0700000, 0x0000000100000000)
  eden space 43008K, 0% used [0x00000000eaf00000,0x00000000eaf00000,0x00000000ed900000)
  from space 10240K, 77% used [0x00000000ed900000,0x00000000ee0ccb10,0x00000000ee300000)
  to   space 10752K, 0% used [0x00000000efc80000,0x00000000efc80000,0x00000000f0700000)
 ParOldGen       total 43008K, used 16381K [0x00000000c0c00000, 0x00000000c3600000, 0x00000000eaf00000)
  object space 43008K, 38% used [0x00000000c0c00000,0x00000000c1bff528,0x00000000c3600000)
 Metaspace       used 34071K, capacity 35398K, committed 35456K, reserved 1079296K
  class space    used 4658K, capacity 4943K, committed 4992K, reserved 1048576K
}
Event: 13.734 GC heap before
{Heap before GC invocations=9 (full 2):
 PSYoungGen      total 53248K, used 7986K [0x00000000eaf00000, 0x00000000f0700000, 0x0000000100000000)
  eden space 43008K, 0% used [0x00000000eaf00000,0x00000000eaf00000,0x00000000ed900000)
  from space 10240K, 77% used [0x00000000ed900000,0x00000000ee0ccb10,0x00000000ee300000)
  to   space 10752K, 0% used [0x00000000efc80000,0x00000000efc80000,0x00000000f0700000)
 ParOldGen       total 43008K, used 16381K [0x00000000c0c00000, 0x00000000c3600000, 0x00000000eaf00000)
  object space 43008K, 38% used [0x00000000c0c00000,0x00000000c1bff528,0x00000000c3600000)
 Metaspace       used 34071K, capacity 35398K, committed 35456K, reserved 1079296K
  class space    used 4658K, capacity 4943K, committed 4992K, reserved 1048576K
Event: 13.831 GC heap after
Heap after GC invocations=9 (full 2):
 PSYoungGen      total 53248K, used 0K [0x00000000eaf00000, 0x00000000f0700000, 0x0000000100000000)
  eden space 43008K, 0% used [0x00000000eaf00000,0x00000000eaf00000,0x00000000ed900000)
  from space 10240K, 0% used [0x00000000ed900000,0x00000000ed900000,0x00000000ee300000)
  to   space 10752K, 0% used [0x00000000efc80000,0x00000000efc80000,0x00000000f0700000)
 ParOldGen       total 43008K, used 16210K [0x00000000c0c00000, 0x00000000c3600000, 0x00000000eaf00000)
  object space 43008K, 37% used [0x00000000c0c00000,0x00000000c1bd4bd0,0x00000000c3600000)
 Metaspace       used 34071K, capacity 35398K, committed 35456K, reserved 1079296K
  class space    used 4658K, capacity 4943K, committed 4992K, reserved 1048576K
}

Deoptimization events (10 events):
Event: 10.203 Thread 0x000000001667e000 Uncommon trap: reason=class_check action=maybe_recompile pc=0x00000000030bc770 method=java.io.FilterInputStream.read()I @ 4
Event: 10.210 Thread 0x000000001667e000 Uncommon trap: reason=unstable_if action=reinterpret pc=0x0000000002ce934c method=com.sun.javafx.image.impl.ByteBgra$ToByteBgraPreConv.doConvert([BII[BIIII)V @ 31
Event: 10.211 Thread 0x000000001667e000 Uncommon trap: reason=unstable_if action=reinterpret pc=0x0000000002cf0b44 method=com.sun.javafx.image.impl.BaseByteToByteConverter$FourByteReorderer.doConvert([BII[BIIII)V @ 31
Event: 10.221 Thread 0x000000001667e000 Uncommon trap: reason=unstable_if action=reinterpret pc=0x0000000002e68650 method=java.lang.reflect.Method.equals(Ljava/lang/Object;)Z @ 49
Event: 12.107 Thread 0x000000001667e000 Uncommon trap: reason=unstable_if action=reinterpret pc=0x00000000031d08ac method=javafx.scene.CssStyleHelper.getStyle(Ljavafx/css/Styleable;Ljava/lang/String;Lcom/sun/javafx/css/StyleMap;Ljava/util/Set;)Lcom/sun/javafx/css/CascadingStyle; @ 8
Event: 13.519 Thread 0x000000001667e000 Uncommon trap: reason=unstable_if action=reinterpret pc=0x0000000003358994 method=com.sun.javafx.css.StyleManager$CacheContainer.getStyleMap(I)Lcom/sun/javafx/css/StyleMap; @ 22
Event: 13.864 Thread 0x000000001667e000 Uncommon trap: reason=array_check action=maybe_recompile pc=0x00000000033c5c10 method=com.sun.javafx.css.SimpleSelector.applies(Ljavafx/css/Styleable;[Ljava/util/Set;I)Z @ 37
Event: 13.864 Thread 0x000000001667e000 Uncommon trap: reason=array_check action=maybe_recompile pc=0x00000000033c5c10 method=com.sun.javafx.css.SimpleSelector.applies(Ljavafx/css/Styleable;[Ljava/util/Set;I)Z @ 37
Event: 13.864 Thread 0x000000001667e000 Uncommon trap: reason=array_check action=maybe_recompile pc=0x00000000033c5c10 method=com.sun.javafx.css.SimpleSelector.applies(Ljavafx/css/Styleable;[Ljava/util/Set;I)Z @ 37
Event: 13.864 Thread 0x000000001667e000 Uncommon trap: reason=array_check action=maybe_recompile pc=0x00000000033c5c10 method=com.sun.javafx.css.SimpleSelector.applies(Ljavafx/css/Styleable;[Ljava/util/Set;I)Z @ 37

Internal exceptions (10 events):
Event: 1.545 Thread 0x000000001667e000 Exception <a 'java/security/PrivilegedActionException'> (0x00000000eb902428) thrown at [C:\re\workspace\8-2-build-windows-amd64-cygwin\jdk8u111\7883\hotspot\src\share\vm\prims\jvm.cpp, line 1386]
Event: 1.745 Thread 0x000000001667e000 Exception <a 'java/lang/ArrayIndexOutOfBoundsException': 58> (0x00000000ebcc3db0) thrown at [C:\re\workspace\8-2-build-windows-amd64-cygwin\jdk8u111\7883\hotspot\src\share\vm\interpreter\interpreterRuntime.cpp, line 366]
Event: 1.746 Thread 0x000000001667e000 Exception <a 'java/lang/ArrayIndexOutOfBoundsException': 18> (0x00000000ebcc4c38) thrown at [C:\re\workspace\8-2-build-windows-amd64-cygwin\jdk8u111\7883\hotspot\src\share\vm\interpreter\interpreterRuntime.cpp, line 366]
Event: 1.747 Thread 0x000000001667e000 Exception <a 'java/lang/ArrayIndexOutOfBoundsException': 86> (0x00000000ebcc5fe0) thrown at [C:\re\workspace\8-2-build-windows-amd64-cygwin\jdk8u111\7883\hotspot\src\share\vm\interpreter\interpreterRuntime.cpp, line 366]
Event: 2.905 Thread 0x000000001667e000 Exception <a 'java/lang/ArrayIndexOutOfBoundsException'> (0x00000000eb102518) thrown at [C:\re\workspace\8-2-build-windows-amd64-cygwin\jdk8u111\7883\hotspot\src\share\vm\runtime\sharedRuntime.cpp, line 605]
Event: 2.905 Thread 0x000000001667e000 Exception <a 'java/lang/ArrayIndexOutOfBoundsException'> (0x00000000eb103518) thrown at [C:\re\workspace\8-2-build-windows-amd64-cygwin\jdk8u111\7883\hotspot\src\share\vm\runtime\sharedRuntime.cpp, line 605]
Event: 2.906 Thread 0x000000001667e000 Exception <a 'java/lang/ArrayIndexOutOfBoundsException'> (0x00000000eb104d88) thrown at [C:\re\workspace\8-2-build-windows-amd64-cygwin\jdk8u111\7883\hotspot\src\share\vm\runtime\sharedRuntime.cpp, line 605]
Event: 3.670 Thread 0x000000001667e000 Implicit null exception at 0x0000000002c59f16 to 0x0000000002c5a2a5
Event: 4.019 Thread 0x000000001667e000 Exception <a 'java/lang/NullPointerException'> (0x00000000ebb44c38) thrown at [C:\re\workspace\8-2-build-windows-amd64-cygwin\jdk8u111\7883\hotspot\src\share\vm\runtime\reflection.cpp, line 922]
Event: 4.019 Thread 0x000000001667e000 Implicit null exception at 0x0000000002b07599 to 0x0000000002b07945

Events (10 events):
Event: 13.926 Executing VM operation: RevokeBias
Event: 13.926 Executing VM operation: RevokeBias done
Event: 13.942 Executing VM operation: RevokeBias
Event: 13.942 Executing VM operation: RevokeBias done
Event: 14.429 loading class javafx/scene/input/MouseEvent$1
Event: 14.429 loading class javafx/scene/input/MouseEvent$1 done
Event: 14.430 loading class com/sun/javafx/collections/MappingChange$1
Event: 14.430 loading class com/sun/javafx/collections/MappingChange$1 done
Event: 14.461 loading class com/sun/javafx/scene/control/ReadOnlyUnbackedObservableList$1
Event: 14.461 loading class com/sun/javafx/scene/control/ReadOnlyUnbackedObservableList$1 done


Dynamic libraries:
0x00007ff720cd0000 - 0x00007ff720d07000 	C:\Program Files\Java\jdk1.8.0_111\jre\bin\java.exe
0x00007ffd8e600000 - 0x00007ffd8e7ed000 	C:\Windows\SYSTEM32\ntdll.dll
0x00007ffd8b930000 - 0x00007ffd8b9e3000 	C:\Windows\System32\KERNEL32.DLL
0x00007ffd8b370000 - 0x00007ffd8b605000 	C:\Windows\System32\KERNELBASE.dll
0x00007ffd8e520000 - 0x00007ffd8e5c4000 	C:\Windows\System32\ADVAPI32.dll
0x00007ffd8be10000 - 0x00007ffd8beae000 	C:\Windows\System32\msvcrt.dll
0x00007ffd8ba50000 - 0x00007ffd8baee000 	C:\Windows\System32\sechost.dll
0x00007ffd8c020000 - 0x00007ffd8c13f000 	C:\Windows\System32\RPCRT4.dll
0x00007ffd8c140000 - 0x00007ffd8c2d8000 	C:\Windows\System32\USER32.dll
0x00007ffd8a6b0000 - 0x00007ffd8a6d0000 	C:\Windows\System32\win32u.dll
0x00007ffd8dfb0000 - 0x00007ffd8dfd9000 	C:\Windows\System32\GDI32.dll
0x00007ffd8b070000 - 0x00007ffd8b20c000 	C:\Windows\System32\gdi32full.dll
0x00007ffd8afd0000 - 0x00007ffd8b070000 	C:\Windows\System32\msvcp_win.dll
0x00007ffd8b270000 - 0x00007ffd8b36a000 	C:\Windows\System32\ucrtbase.dll
0x00007ffd798d0000 - 0x00007ffd79b49000 	C:\Windows\WinSxS\amd64_microsoft.windows.common-controls_6595b64144ccf1df_6.0.17763.2028_none_de6f2eb4534d3a50\COMCTL32.dll
0x00007ffd8dc80000 - 0x00007ffd8dfad000 	C:\Windows\System32\combase.dll
0x00007ffd8a6d0000 - 0x00007ffd8a752000 	C:\Windows\System32\bcryptPrimitives.dll
0x00007ffd8dc50000 - 0x00007ffd8dc7e000 	C:\Windows\System32\IMM32.DLL
0x0000000074820000 - 0x00000000748f2000 	C:\Program Files\Java\jdk1.8.0_111\jre\bin\msvcr100.dll
0x0000000073ba0000 - 0x000000007443a000 	C:\Program Files\Java\jdk1.8.0_111\jre\bin\server\jvm.dll
0x00007ffd8dad0000 - 0x00007ffd8dad8000 	C:\Windows\System32\PSAPI.DLL
0x00007ffd88600000 - 0x00007ffd88624000 	C:\Windows\SYSTEM32\WINMM.dll
0x00007ffd7cd40000 - 0x00007ffd7cd49000 	C:\Windows\SYSTEM32\WSOCK32.dll
0x00007ffd8baf0000 - 0x00007ffd8bb5d000 	C:\Windows\System32\WS2_32.dll
0x00007ffd85570000 - 0x00007ffd8557a000 	C:\Windows\SYSTEM32\VERSION.dll
0x00007ffd885d0000 - 0x00007ffd885fd000 	C:\Windows\SYSTEM32\WINMMBASE.dll
0x00007ffd8a760000 - 0x00007ffd8a7aa000 	C:\Windows\System32\cfgmgr32.dll
0x00000000747d0000 - 0x00000000747df000 	C:\Program Files\Java\jdk1.8.0_111\jre\bin\verify.dll
0x00000000747a0000 - 0x00000000747c9000 	C:\Program Files\Java\jdk1.8.0_111\jre\bin\java.dll
0x0000000074780000 - 0x0000000074796000 	C:\Program Files\Java\jdk1.8.0_111\jre\bin\zip.dll
0x00007ffd8c5d0000 - 0x00007ffd8dac9000 	C:\Windows\System32\SHELL32.dll
0x00007ffd8bb60000 - 0x00007ffd8bc08000 	C:\Windows\System32\shcore.dll
0x00007ffd8a7b0000 - 0x00007ffd8aefb000 	C:\Windows\System32\windows.storage.dll
0x00007ffd8a680000 - 0x00007ffd8a6a4000 	C:\Windows\System32\profapi.dll
0x00007ffd8a5e0000 - 0x00007ffd8a63d000 	C:\Windows\System32\powrprof.dll
0x00007ffd8e040000 - 0x00007ffd8e092000 	C:\Windows\System32\shlwapi.dll
0x00007ffd8a660000 - 0x00007ffd8a671000 	C:\Windows\System32\kernel.appcore.dll
0x00007ffd8afb0000 - 0x00007ffd8afc7000 	C:\Windows\System32\cryptsp.dll
0x00007ffd692b0000 - 0x00007ffd6939f000 	C:\Program Files\Java\jdk1.8.0_111\jre\bin\msvcr120.dll
0x00007ffd6fa00000 - 0x00007ffd6faa6000 	C:\Program Files\Java\jdk1.8.0_111\jre\bin\msvcp120.dll
0x0000000071bd0000 - 0x0000000071bf2000 	C:\Program Files\Java\jdk1.8.0_111\jre\bin\prism_d3d.dll
0x00007ffd66620000 - 0x00007ffd667be000 	C:\Windows\system32\d3d9.dll
0x00007ffd88c50000 - 0x00007ffd88c7e000 	C:\Windows\SYSTEM32\dwmapi.dll
0x00007ffd8b610000 - 0x00007ffd8b7f3000 	C:\Windows\System32\CRYPT32.dll
0x00007ffd8a640000 - 0x00007ffd8a652000 	C:\Windows\System32\MSASN1.dll
0x00007ffd889d0000 - 0x00007ffd88a6c000 	C:\Windows\system32\uxtheme.dll
0x00007ffd85580000 - 0x00007ffd856e7000 	C:\Windows\SYSTEM32\aticfx64.dll
0x00007ffd79e90000 - 0x00007ffd79eb1000 	C:\Windows\SYSTEM32\atiu9p64.dll
0x00007ffd55f40000 - 0x00007ffd56799000 	C:\Windows\SYSTEM32\atiumd64.dll
0x0000000070f00000 - 0x0000000071788000 	C:\Windows\SYSTEM32\atiumd6a.dll
0x0000000071b80000 - 0x0000000071bc3000 	C:\Program Files\Java\jdk1.8.0_111\jre\bin\glass.dll
0x00007ffd8bc10000 - 0x00007ffd8bd37000 	C:\Windows\System32\COMDLG32.dll
0x00007ffd8dae0000 - 0x00007ffd8dc36000 	C:\Windows\System32\ole32.dll
0x00007ffd8bd40000 - 0x00007ffd8be04000 	C:\Windows\System32\OLEAUT32.dll
0x00007ffd8beb0000 - 0x00007ffd8c01b000 	C:\Windows\System32\MSCTF.dll
0x0000000071b60000 - 0x0000000071b74000 	C:\Program Files\Java\jdk1.8.0_111\jre\bin\javafx_font.dll
0x00007ffd7f1c0000 - 0x00007ffd7f4bc000 	C:\Windows\SYSTEM32\dwrite.dll
0x00007ffd8c510000 - 0x00007ffd8c5b2000 	C:\Windows\System32\clbcatq.dll
0x00007ffd85810000 - 0x00007ffd859c8000 	C:\Windows\SYSTEM32\WindowsCodecs.dll
0x00007ffd72480000 - 0x00007ffd724d7000 	C:\Windows\system32\dataexchange.dll
0x00007ffd87770000 - 0x00007ffd879ee000 	C:\Windows\system32\d3d11.dll
0x00007ffd87fb0000 - 0x00007ffd88173000 	C:\Windows\system32\dcomp.dll
0x00007ffd892e0000 - 0x00007ffd893a2000 	C:\Windows\system32\dxgi.dll
0x00007ffd88d80000 - 0x00007ffd88f8c000 	C:\Windows\system32\twinapi.appcore.dll
0x00007ffd88ca0000 - 0x00007ffd88cc8000 	C:\Windows\system32\RMCLIENT.dll
0x00007ffd78db0000 - 0x00007ffd78de3000 	C:\Program Files\Common Files\Microsoft Shared\Ink\rtscom.dll
0x00007ffd81040000 - 0x00007ffd810d4000 	C:\Windows\System32\TextInputFramework.dll
0x00007ffd859d0000 - 0x00007ffd85cf2000 	C:\Windows\System32\CoreUIComponents.dll
0x00007ffd88180000 - 0x00007ffd88261000 	C:\Windows\System32\CoreMessaging.dll
0x00007ffd89630000 - 0x00007ffd89661000 	C:\Windows\SYSTEM32\ntmarta.dll
0x00007ffd864f0000 - 0x00007ffd86641000 	C:\Windows\SYSTEM32\wintypes.dll
0x0000000071b40000 - 0x0000000071b51000 	C:\Program Files\Java\jdk1.8.0_111\jre\bin\prism_common.dll
0x00007ffd899b0000 - 0x00007ffd899e3000 	C:\Windows\system32\rsaenh.dll
0x00007ffd8b800000 - 0x00007ffd8b826000 	C:\Windows\System32\bcrypt.dll
0x00007ffd8a4e0000 - 0x00007ffd8a509000 	C:\Windows\SYSTEM32\USERENV.dll
0x00007ffd89ff0000 - 0x00007ffd89ffc000 	C:\Windows\SYSTEM32\CRYPTBASE.dll
0x0000000074760000 - 0x000000007477a000 	C:\Program Files\Java\jdk1.8.0_111\jre\bin\net.dll
0x00007ffd89e20000 - 0x00007ffd89e87000 	C:\Windows\system32\mswsock.dll
0x00007ffd89b40000 - 0x00007ffd89b7d000 	C:\Windows\SYSTEM32\IPHLPAPI.DLL
0x00007ffd8dc40000 - 0x00007ffd8dc48000 	C:\Windows\System32\NSI.dll
0x00007ffd82570000 - 0x00007ffd82586000 	C:\Windows\SYSTEM32\dhcpcsvc6.DLL
0x00007ffd82660000 - 0x00007ffd8267c000 	C:\Windows\SYSTEM32\dhcpcsvc.DLL
0x00007ffd89b80000 - 0x00007ffd89c46000 	C:\Windows\SYSTEM32\DNSAPI.dll
0x0000000074740000 - 0x0000000074751000 	C:\Program Files\Java\jdk1.8.0_111\jre\bin\nio.dll
0x00007ffd7de60000 - 0x00007ffd7de6a000 	C:\Windows\System32\rasadhlp.dll
0x00007ffd7e610000 - 0x00007ffd7e689000 	C:\Windows\System32\fwpuclnt.dll
0x00007ffd879f0000 - 0x00007ffd87fae000 	C:\Windows\SYSTEM32\d2d1.dll
0x00007ffd70540000 - 0x00007ffd70c7b000 	C:\Windows\SYSTEM32\D3D10Warp.dll

VM Arguments:
jvm_args: -Dfile.encoding=UTF-8 
java_command: C:\Users\Zaiouane\Documents\NetBeansProjects\ApplicationFXCovid_1\dist\run1399232888\ApplicationFXCovid_1.jar
java_class_path (initial): C:\Users\Zaiouane\Documents\NetBeansProjects\ApplicationFXCovid_1\dist\run1399232888\ApplicationFXCovid_1.jar
Launcher Type: SUN_STANDARD

Environment Variables:
PATH=C:\Program Files\IBM\ILOG\CPLEX_Studio_Community201\opl\bin\x64_win64;C:\Program Files\IBM\ILOG\CPLEX_Studio_Community201\opl\oplide\;C:\Program Files\IBM\ILOG\CPLEX_Studio_Community201\cplex\bin\x64_win64;C:\Program Files\IBM\ILOG\CPLEX_Studio_Community201\cpoptimizer\bin\x64_win64;C:\oraclexe\app\oracle\product\11.2.0\server\bin;;C:\Program Files (x86)\Common Files\Oracle\Java\javapath;C:\Program Files\Common Files\Oracle\Java\javapath;C:\Windows\system32;C:\Windows;C:\Windows\System32\Wbem;C:\Windows\System32\WindowsPowerShell\v1.0\;C:\Windows\System32\OpenSSH\;C:\Program Files (x86)\ATI Technologies\ATI.ACE\Core-Static;C:\Program Files\nodejs\;C:\Program Files\Git\cmd;C:\Users\Zaiouane\AppData\Local\Microsoft\WindowsApps;;C:\Users\Zaiouane\AppData\Local\Programs\Microsoft VS Code\bin;C:\Users\Zaiouane\AppData\Roaming\npm
USERNAME=Zaiouane
OS=Windows_NT
PROCESSOR_IDENTIFIER=Intel64 Family 6 Model 42 Stepping 7, GenuineIntel



---------------  S Y S T E M  ---------------

OS: Windows 10.0 , 64 bit Build 17763 (10.0.17763.2028)

CPU:total 2 (2 cores per cpu, 1 threads per core) family 6 model 42 stepping 7, cmov, cx8, fxsr, mmx, sse, sse2, sse3, ssse3, sse4.1, sse4.2, popcnt, clmul, tsc, tscinvbit

Memory: 4k page, physical 4143468k(428768k free), swap 6240620k(5636k free)

vm_info: Java HotSpot(TM) 64-Bit Server VM (25.111-b14) for windows-amd64 JRE (1.8.0_111-b14), built on Sep 22 2016 19:24:05 by "java_re" with MS VC++ 10.0 (VS2010)

time: Sat Jun 26 13:01:52 2021
elapsed time: 14 seconds (0d 0h 0m 14s)

